2022-01-19 12:43:04 [127.0.0.1][-][p0gn2t92cgirdbfpithb716tssfjuqmg][error][yii\web\HttpException:404] yii\base\InvalidRouteException: Unable to resolve the request: decisions/companies in C:\OpenServer\domains\api\vendor\yiisoft\yii2\base\Controller.php:149
Stack trace:
#0 C:\OpenServer\domains\api\vendor\yiisoft\yii2\base\Module.php(552): yii\base\Controller->runAction()
#1 C:\OpenServer\domains\api\vendor\yiisoft\yii2\web\Application.php(103): yii\base\Module->runAction()
#2 C:\OpenServer\domains\api\vendor\yiisoft\yii2\base\Application.php(384): yii\web\Application->handleRequest()
#3 C:\OpenServer\domains\api\web\index.php(12): yii\base\Application->run()
#4 {main}

Next yii\web\NotFoundHttpException: Page not found. in C:\OpenServer\domains\api\vendor\yiisoft\yii2\web\Application.php:115
Stack trace:
#0 C:\OpenServer\domains\api\vendor\yiisoft\yii2\base\Application.php(384): yii\web\Application->handleRequest()
#1 C:\OpenServer\domains\api\web\index.php(12): yii\base\Application->run()
#2 {main}
2022-01-19 12:43:04 [127.0.0.1][-][p0gn2t92cgirdbfpithb716tssfjuqmg][info][application] $_GET = []

$_POST = [
    'Authorization' => 'Bearer eyJ0eXAiOiJKV1QiLCJhbGciOiJIUzI1NiIsImp0aSI6IjRmMWcyM2ExMmFhIn0.eyJpc3MiOiJodHRwOlwvXC9hcGkiLCJhdWQiOiJodHRwOlwvXC9leGFtcGxlLm9yZyIsImp0aSI6IjRmMWcyM2ExMmFhIiwiaWF0IjoxNjQyNDk4Nzg5LCJleHAiOjE2NDI1MDIzODksInVpZCI6MX0.cwm2d5hNyvI5Eo7c2bNgxH2M4OaPzunknDVCN5h5ZbU'
]

$_FILES = []

$_COOKIE = []

$_SESSION = [
    '__flash' => []
]

$_SERVER = [
    'REDIRECT_STATUS' => '200'
    'HTTP_USER_AGENT' => 'PostmanRuntime/7.29.0'
    'HTTP_ACCEPT' => '*/*'
    'HTTP_POSTMAN_TOKEN' => '88f93fd2-5970-44f4-9a65-cdb5ef00dc3d'
    'HTTP_HOST' => 'api'
    'HTTP_ACCEPT_ENCODING' => 'gzip, deflate, br'
    'HTTP_CONNECTION' => 'keep-alive'
    'CONTENT_TYPE' => 'multipart/form-data; boundary=--------------------------418403867898818509858923'
    'CONTENT_LENGTH' => '434'
    'PATH' => 'c:\\openserver\\modules\\php\\PHP_7.4\\ext;c:\\openserver\\modules\\php\\PHP_7.4\\pear;c:\\openserver\\modules\\php\\PHP_7.4\\pear\\bin;c:\\openserver\\modules\\php\\PHP_7.4;c:\\openserver\\modules\\wget\\bin;c:\\openserver\\modules\\database\\MariaDB-10.5-Win10\\bin;c:\\openserver\\modules\\database\\PostgreSQL-13.3-Win10\\bin;c:\\openserver\\modules\\database\\PostgreSQL-13.3-Win10\\lib;c:\\openserver\\modules\\http\\Apache_2.4-PHP_7.2-7.4\\bin;c:\\openserver\\modules\\http\\Apache_2.4-PHP_7.2-7.4;C:\\Windows\\system32;C:\\Windows;C:\\Windows\\system32\\Wbem;C:\\Windows\\SysWOW64;C:\\Program Files\\nodejs\\;C:\\Windows\\system32;C:\\Windows;C:\\Windows\\System32\\Wbem;C:\\Windows\\System32\\WindowsPowerShell\\v1.0\\;C:\\Windows\\System32\\OpenSSH\\;C:\\Program Files\\Docker\\Docker\\resources\\bin;C:\\ProgramData\\DockerDesktop\\version-bin;C:\\Program Files\\Git\\cmd;C:\\Program Files\\nodejs\\;C:\\Users\\Алибек\\AppData\\Local\\Microsoft\\WindowsApps;C:\\Program Files\\JetBrains\\IntelliJ IDEA 2021.2.3\\bin;C:\\Program Files\\JetBrains\\PhpStorm 2020.1\\bin;C:\\Users\\Алибек\\AppData\\Roaming\\npm'
    'SystemRoot' => 'C:\\Windows'
    'COMSPEC' => 'C:\\Windows\\system32\\cmd.exe'
    'PATHEXT' => '.COM;.EXE;.BAT;.CMD;.VBS;.VBE;.JS;.JSE;.WSF;.WSH;.MSC'
    'WINDIR' => 'C:\\Windows'
    'SERVER_SIGNATURE' => ''
    'SERVER_SOFTWARE' => 'Apache'
    'SERVER_NAME' => 'api'
    'SERVER_ADDR' => '127.0.0.1'
    'SERVER_PORT' => '80'
    'REMOTE_ADDR' => '127.0.0.1'
    'DOCUMENT_ROOT' => 'C:/OpenServer/domains/api'
    'REQUEST_SCHEME' => 'http'
    'CONTEXT_PREFIX' => ''
    'CONTEXT_DOCUMENT_ROOT' => 'C:/OpenServer/domains/api'
    'SERVER_ADMIN' => '[no address given]'
    'SCRIPT_FILENAME' => 'C:/OpenServer/domains/api/web/index.php'
    'REMOTE_PORT' => '59491'
    'REDIRECT_URL' => '/decisions/companies'
    'GATEWAY_INTERFACE' => 'CGI/1.1'
    'SERVER_PROTOCOL' => 'HTTP/1.1'
    'REQUEST_METHOD' => 'POST'
    'QUERY_STRING' => ''
    'REQUEST_URI' => '/decisions/companies'
    'SCRIPT_NAME' => '/web/index.php'
    'PHP_SELF' => '/web/index.php'
    'REQUEST_TIME_FLOAT' => 1642585384.8585
    'REQUEST_TIME' => 1642585384
]
2022-01-19 12:43:06 [127.0.0.1][-][p0gn2t92cgirdbfpithb716tssfjuqmg][error][yii\web\HttpException:404] yii\base\InvalidRouteException: Unable to resolve the request: decisions/companies in C:\OpenServer\domains\api\vendor\yiisoft\yii2\base\Controller.php:149
Stack trace:
#0 C:\OpenServer\domains\api\vendor\yiisoft\yii2\base\Module.php(552): yii\base\Controller->runAction()
#1 C:\OpenServer\domains\api\vendor\yiisoft\yii2\web\Application.php(103): yii\base\Module->runAction()
#2 C:\OpenServer\domains\api\vendor\yiisoft\yii2\base\Application.php(384): yii\web\Application->handleRequest()
#3 C:\OpenServer\domains\api\web\index.php(12): yii\base\Application->run()
#4 {main}

Next yii\web\NotFoundHttpException: Page not found. in C:\OpenServer\domains\api\vendor\yiisoft\yii2\web\Application.php:115
Stack trace:
#0 C:\OpenServer\domains\api\vendor\yiisoft\yii2\base\Application.php(384): yii\web\Application->handleRequest()
#1 C:\OpenServer\domains\api\web\index.php(12): yii\base\Application->run()
#2 {main}
2022-01-19 12:43:06 [127.0.0.1][-][p0gn2t92cgirdbfpithb716tssfjuqmg][info][application] $_GET = []

$_POST = [
    'Authorization' => 'Bearer eyJ0eXAiOiJKV1QiLCJhbGciOiJIUzI1NiIsImp0aSI6IjRmMWcyM2ExMmFhIn0.eyJpc3MiOiJodHRwOlwvXC9hcGkiLCJhdWQiOiJodHRwOlwvXC9leGFtcGxlLm9yZyIsImp0aSI6IjRmMWcyM2ExMmFhIiwiaWF0IjoxNjQyNDk4Nzg5LCJleHAiOjE2NDI1MDIzODksInVpZCI6MX0.cwm2d5hNyvI5Eo7c2bNgxH2M4OaPzunknDVCN5h5ZbU'
]

$_FILES = []

$_COOKIE = [
    'PHPSESSID' => 'p0gn2t92cgirdbfpithb716tssfjuqmg'
    '_csrf' => 'e00637e92d05adb9ec375f6414a2dca2aa157098cbf50d8bac0ccf0bf32f5224a:2:{i:0;s:5:\"_csrf\";i:1;s:32:\"yfaldyknCu1hAUfZrLHpO9RjfkeD3ChQ\";}'
]

$_SESSION = [
    '__flash' => []
]

$_SERVER = [
    'REDIRECT_STATUS' => '200'
    'HTTP_USER_AGENT' => 'PostmanRuntime/7.29.0'
    'HTTP_ACCEPT' => '*/*'
    'HTTP_POSTMAN_TOKEN' => '9bf5cf1f-0100-429e-aeb3-89bedc7808ae'
    'HTTP_HOST' => 'api'
    'HTTP_ACCEPT_ENCODING' => 'gzip, deflate, br'
    'HTTP_CONNECTION' => 'keep-alive'
    'CONTENT_TYPE' => 'multipart/form-data; boundary=--------------------------525803816903139072526295'
    'HTTP_COOKIE' => 'PHPSESSID=p0gn2t92cgirdbfpithb716tssfjuqmg; _csrf=e00637e92d05adb9ec375f6414a2dca2aa157098cbf50d8bac0ccf0bf32f5224a%3A2%3A%7Bi%3A0%3Bs%3A5%3A%22_csrf%22%3Bi%3A1%3Bs%3A32%3A%22yfaldyknCu1hAUfZrLHpO9RjfkeD3ChQ%22%3B%7D'
    'CONTENT_LENGTH' => '434'
    'PATH' => 'c:\\openserver\\modules\\php\\PHP_7.4\\ext;c:\\openserver\\modules\\php\\PHP_7.4\\pear;c:\\openserver\\modules\\php\\PHP_7.4\\pear\\bin;c:\\openserver\\modules\\php\\PHP_7.4;c:\\openserver\\modules\\wget\\bin;c:\\openserver\\modules\\database\\MariaDB-10.5-Win10\\bin;c:\\openserver\\modules\\database\\PostgreSQL-13.3-Win10\\bin;c:\\openserver\\modules\\database\\PostgreSQL-13.3-Win10\\lib;c:\\openserver\\modules\\http\\Apache_2.4-PHP_7.2-7.4\\bin;c:\\openserver\\modules\\http\\Apache_2.4-PHP_7.2-7.4;C:\\Windows\\system32;C:\\Windows;C:\\Windows\\system32\\Wbem;C:\\Windows\\SysWOW64;C:\\Program Files\\nodejs\\;C:\\Windows\\system32;C:\\Windows;C:\\Windows\\System32\\Wbem;C:\\Windows\\System32\\WindowsPowerShell\\v1.0\\;C:\\Windows\\System32\\OpenSSH\\;C:\\Program Files\\Docker\\Docker\\resources\\bin;C:\\ProgramData\\DockerDesktop\\version-bin;C:\\Program Files\\Git\\cmd;C:\\Program Files\\nodejs\\;C:\\Users\\Алибек\\AppData\\Local\\Microsoft\\WindowsApps;C:\\Program Files\\JetBrains\\IntelliJ IDEA 2021.2.3\\bin;C:\\Program Files\\JetBrains\\PhpStorm 2020.1\\bin;C:\\Users\\Алибек\\AppData\\Roaming\\npm'
    'SystemRoot' => 'C:\\Windows'
    'COMSPEC' => 'C:\\Windows\\system32\\cmd.exe'
    'PATHEXT' => '.COM;.EXE;.BAT;.CMD;.VBS;.VBE;.JS;.JSE;.WSF;.WSH;.MSC'
    'WINDIR' => 'C:\\Windows'
    'SERVER_SIGNATURE' => ''
    'SERVER_SOFTWARE' => 'Apache'
    'SERVER_NAME' => 'api'
    'SERVER_ADDR' => '127.0.0.1'
    'SERVER_PORT' => '80'
    'REMOTE_ADDR' => '127.0.0.1'
    'DOCUMENT_ROOT' => 'C:/OpenServer/domains/api'
    'REQUEST_SCHEME' => 'http'
    'CONTEXT_PREFIX' => ''
    'CONTEXT_DOCUMENT_ROOT' => 'C:/OpenServer/domains/api'
    'SERVER_ADMIN' => '[no address given]'
    'SCRIPT_FILENAME' => 'C:/OpenServer/domains/api/web/index.php'
    'REMOTE_PORT' => '59491'
    'REDIRECT_URL' => '/decisions/companies'
    'GATEWAY_INTERFACE' => 'CGI/1.1'
    'SERVER_PROTOCOL' => 'HTTP/1.1'
    'REQUEST_METHOD' => 'POST'
    'QUERY_STRING' => ''
    'REQUEST_URI' => '/decisions/companies'
    'SCRIPT_NAME' => '/web/index.php'
    'PHP_SELF' => '/web/index.php'
    'REQUEST_TIME_FLOAT' => 1642585386.5549
    'REQUEST_TIME' => 1642585386
]
2022-01-19 12:43:18 [127.0.0.1][-][p0gn2t92cgirdbfpithb716tssfjuqmg][error][yii\web\HttpException:404] yii\base\InvalidRouteException: Unable to resolve the request "decision/companies". in C:\OpenServer\domains\api\vendor\yiisoft\yii2\base\Module.php:561
Stack trace:
#0 C:\OpenServer\domains\api\vendor\yiisoft\yii2\web\Application.php(103): yii\base\Module->runAction()
#1 C:\OpenServer\domains\api\vendor\yiisoft\yii2\base\Application.php(384): yii\web\Application->handleRequest()
#2 C:\OpenServer\domains\api\web\index.php(12): yii\base\Application->run()
#3 {main}

Next yii\web\NotFoundHttpException: Page not found. in C:\OpenServer\domains\api\vendor\yiisoft\yii2\web\Application.php:115
Stack trace:
#0 C:\OpenServer\domains\api\vendor\yiisoft\yii2\base\Application.php(384): yii\web\Application->handleRequest()
#1 C:\OpenServer\domains\api\web\index.php(12): yii\base\Application->run()
#2 {main}
2022-01-19 12:43:18 [127.0.0.1][-][p0gn2t92cgirdbfpithb716tssfjuqmg][info][application] $_GET = []

$_POST = [
    'Authorization' => 'Bearer eyJ0eXAiOiJKV1QiLCJhbGciOiJIUzI1NiIsImp0aSI6IjRmMWcyM2ExMmFhIn0.eyJpc3MiOiJodHRwOlwvXC9hcGkiLCJhdWQiOiJodHRwOlwvXC9leGFtcGxlLm9yZyIsImp0aSI6IjRmMWcyM2ExMmFhIiwiaWF0IjoxNjQyNDk4Nzg5LCJleHAiOjE2NDI1MDIzODksInVpZCI6MX0.cwm2d5hNyvI5Eo7c2bNgxH2M4OaPzunknDVCN5h5ZbU'
]

$_FILES = []

$_COOKIE = [
    'PHPSESSID' => 'p0gn2t92cgirdbfpithb716tssfjuqmg'
    '_csrf' => 'e00637e92d05adb9ec375f6414a2dca2aa157098cbf50d8bac0ccf0bf32f5224a:2:{i:0;s:5:\"_csrf\";i:1;s:32:\"yfaldyknCu1hAUfZrLHpO9RjfkeD3ChQ\";}'
]

$_SESSION = [
    '__flash' => []
]

$_SERVER = [
    'REDIRECT_STATUS' => '200'
    'HTTP_USER_AGENT' => 'PostmanRuntime/7.29.0'
    'HTTP_ACCEPT' => '*/*'
    'HTTP_POSTMAN_TOKEN' => 'bfa93f3a-5a77-4e02-8ecf-bc1bbfc8110b'
    'HTTP_HOST' => 'api'
    'HTTP_ACCEPT_ENCODING' => 'gzip, deflate, br'
    'HTTP_CONNECTION' => 'keep-alive'
    'CONTENT_TYPE' => 'multipart/form-data; boundary=--------------------------362843966218403831338625'
    'HTTP_COOKIE' => 'PHPSESSID=p0gn2t92cgirdbfpithb716tssfjuqmg; _csrf=e00637e92d05adb9ec375f6414a2dca2aa157098cbf50d8bac0ccf0bf32f5224a%3A2%3A%7Bi%3A0%3Bs%3A5%3A%22_csrf%22%3Bi%3A1%3Bs%3A32%3A%22yfaldyknCu1hAUfZrLHpO9RjfkeD3ChQ%22%3B%7D'
    'CONTENT_LENGTH' => '434'
    'PATH' => 'c:\\openserver\\modules\\php\\PHP_7.4\\ext;c:\\openserver\\modules\\php\\PHP_7.4\\pear;c:\\openserver\\modules\\php\\PHP_7.4\\pear\\bin;c:\\openserver\\modules\\php\\PHP_7.4;c:\\openserver\\modules\\wget\\bin;c:\\openserver\\modules\\database\\MariaDB-10.5-Win10\\bin;c:\\openserver\\modules\\database\\PostgreSQL-13.3-Win10\\bin;c:\\openserver\\modules\\database\\PostgreSQL-13.3-Win10\\lib;c:\\openserver\\modules\\http\\Apache_2.4-PHP_7.2-7.4\\bin;c:\\openserver\\modules\\http\\Apache_2.4-PHP_7.2-7.4;C:\\Windows\\system32;C:\\Windows;C:\\Windows\\system32\\Wbem;C:\\Windows\\SysWOW64;C:\\Program Files\\nodejs\\;C:\\Windows\\system32;C:\\Windows;C:\\Windows\\System32\\Wbem;C:\\Windows\\System32\\WindowsPowerShell\\v1.0\\;C:\\Windows\\System32\\OpenSSH\\;C:\\Program Files\\Docker\\Docker\\resources\\bin;C:\\ProgramData\\DockerDesktop\\version-bin;C:\\Program Files\\Git\\cmd;C:\\Program Files\\nodejs\\;C:\\Users\\Алибек\\AppData\\Local\\Microsoft\\WindowsApps;C:\\Program Files\\JetBrains\\IntelliJ IDEA 2021.2.3\\bin;C:\\Program Files\\JetBrains\\PhpStorm 2020.1\\bin;C:\\Users\\Алибек\\AppData\\Roaming\\npm'
    'SystemRoot' => 'C:\\Windows'
    'COMSPEC' => 'C:\\Windows\\system32\\cmd.exe'
    'PATHEXT' => '.COM;.EXE;.BAT;.CMD;.VBS;.VBE;.JS;.JSE;.WSF;.WSH;.MSC'
    'WINDIR' => 'C:\\Windows'
    'SERVER_SIGNATURE' => ''
    'SERVER_SOFTWARE' => 'Apache'
    'SERVER_NAME' => 'api'
    'SERVER_ADDR' => '127.0.0.1'
    'SERVER_PORT' => '80'
    'REMOTE_ADDR' => '127.0.0.1'
    'DOCUMENT_ROOT' => 'C:/OpenServer/domains/api'
    'REQUEST_SCHEME' => 'http'
    'CONTEXT_PREFIX' => ''
    'CONTEXT_DOCUMENT_ROOT' => 'C:/OpenServer/domains/api'
    'SERVER_ADMIN' => '[no address given]'
    'SCRIPT_FILENAME' => 'C:/OpenServer/domains/api/web/index.php'
    'REMOTE_PORT' => '59491'
    'REDIRECT_URL' => '/decision/companies'
    'GATEWAY_INTERFACE' => 'CGI/1.1'
    'SERVER_PROTOCOL' => 'HTTP/1.1'
    'REQUEST_METHOD' => 'POST'
    'QUERY_STRING' => ''
    'REQUEST_URI' => '/decision/companies'
    'SCRIPT_NAME' => '/web/index.php'
    'PHP_SELF' => '/web/index.php'
    'REQUEST_TIME_FLOAT' => 1642585398.2999
    'REQUEST_TIME' => 1642585398
]
2022-01-19 12:43:24 [127.0.0.1][-][p0gn2t92cgirdbfpithb716tssfjuqmg][error][yii\web\HttpException:404] yii\base\InvalidRouteException: Unable to resolve the request "decision/company". in C:\OpenServer\domains\api\vendor\yiisoft\yii2\base\Module.php:561
Stack trace:
#0 C:\OpenServer\domains\api\vendor\yiisoft\yii2\web\Application.php(103): yii\base\Module->runAction()
#1 C:\OpenServer\domains\api\vendor\yiisoft\yii2\base\Application.php(384): yii\web\Application->handleRequest()
#2 C:\OpenServer\domains\api\web\index.php(12): yii\base\Application->run()
#3 {main}

Next yii\web\NotFoundHttpException: Page not found. in C:\OpenServer\domains\api\vendor\yiisoft\yii2\web\Application.php:115
Stack trace:
#0 C:\OpenServer\domains\api\vendor\yiisoft\yii2\base\Application.php(384): yii\web\Application->handleRequest()
#1 C:\OpenServer\domains\api\web\index.php(12): yii\base\Application->run()
#2 {main}
2022-01-19 12:43:24 [127.0.0.1][-][p0gn2t92cgirdbfpithb716tssfjuqmg][info][application] $_GET = []

$_POST = [
    'Authorization' => 'Bearer eyJ0eXAiOiJKV1QiLCJhbGciOiJIUzI1NiIsImp0aSI6IjRmMWcyM2ExMmFhIn0.eyJpc3MiOiJodHRwOlwvXC9hcGkiLCJhdWQiOiJodHRwOlwvXC9leGFtcGxlLm9yZyIsImp0aSI6IjRmMWcyM2ExMmFhIiwiaWF0IjoxNjQyNDk4Nzg5LCJleHAiOjE2NDI1MDIzODksInVpZCI6MX0.cwm2d5hNyvI5Eo7c2bNgxH2M4OaPzunknDVCN5h5ZbU'
]

$_FILES = []

$_COOKIE = [
    'PHPSESSID' => 'p0gn2t92cgirdbfpithb716tssfjuqmg'
    '_csrf' => 'e00637e92d05adb9ec375f6414a2dca2aa157098cbf50d8bac0ccf0bf32f5224a:2:{i:0;s:5:\"_csrf\";i:1;s:32:\"yfaldyknCu1hAUfZrLHpO9RjfkeD3ChQ\";}'
]

$_SESSION = [
    '__flash' => []
]

$_SERVER = [
    'REDIRECT_STATUS' => '200'
    'HTTP_USER_AGENT' => 'PostmanRuntime/7.29.0'
    'HTTP_ACCEPT' => '*/*'
    'HTTP_POSTMAN_TOKEN' => '818ac4f5-407c-42ec-a034-be7087081cc9'
    'HTTP_HOST' => 'api'
    'HTTP_ACCEPT_ENCODING' => 'gzip, deflate, br'
    'HTTP_CONNECTION' => 'keep-alive'
    'CONTENT_TYPE' => 'multipart/form-data; boundary=--------------------------571626579642538472410571'
    'HTTP_COOKIE' => 'PHPSESSID=p0gn2t92cgirdbfpithb716tssfjuqmg; _csrf=e00637e92d05adb9ec375f6414a2dca2aa157098cbf50d8bac0ccf0bf32f5224a%3A2%3A%7Bi%3A0%3Bs%3A5%3A%22_csrf%22%3Bi%3A1%3Bs%3A32%3A%22yfaldyknCu1hAUfZrLHpO9RjfkeD3ChQ%22%3B%7D'
    'CONTENT_LENGTH' => '434'
    'PATH' => 'c:\\openserver\\modules\\php\\PHP_7.4\\ext;c:\\openserver\\modules\\php\\PHP_7.4\\pear;c:\\openserver\\modules\\php\\PHP_7.4\\pear\\bin;c:\\openserver\\modules\\php\\PHP_7.4;c:\\openserver\\modules\\wget\\bin;c:\\openserver\\modules\\database\\MariaDB-10.5-Win10\\bin;c:\\openserver\\modules\\database\\PostgreSQL-13.3-Win10\\bin;c:\\openserver\\modules\\database\\PostgreSQL-13.3-Win10\\lib;c:\\openserver\\modules\\http\\Apache_2.4-PHP_7.2-7.4\\bin;c:\\openserver\\modules\\http\\Apache_2.4-PHP_7.2-7.4;C:\\Windows\\system32;C:\\Windows;C:\\Windows\\system32\\Wbem;C:\\Windows\\SysWOW64;C:\\Program Files\\nodejs\\;C:\\Windows\\system32;C:\\Windows;C:\\Windows\\System32\\Wbem;C:\\Windows\\System32\\WindowsPowerShell\\v1.0\\;C:\\Windows\\System32\\OpenSSH\\;C:\\Program Files\\Docker\\Docker\\resources\\bin;C:\\ProgramData\\DockerDesktop\\version-bin;C:\\Program Files\\Git\\cmd;C:\\Program Files\\nodejs\\;C:\\Users\\Алибек\\AppData\\Local\\Microsoft\\WindowsApps;C:\\Program Files\\JetBrains\\IntelliJ IDEA 2021.2.3\\bin;C:\\Program Files\\JetBrains\\PhpStorm 2020.1\\bin;C:\\Users\\Алибек\\AppData\\Roaming\\npm'
    'SystemRoot' => 'C:\\Windows'
    'COMSPEC' => 'C:\\Windows\\system32\\cmd.exe'
    'PATHEXT' => '.COM;.EXE;.BAT;.CMD;.VBS;.VBE;.JS;.JSE;.WSF;.WSH;.MSC'
    'WINDIR' => 'C:\\Windows'
    'SERVER_SIGNATURE' => ''
    'SERVER_SOFTWARE' => 'Apache'
    'SERVER_NAME' => 'api'
    'SERVER_ADDR' => '127.0.0.1'
    'SERVER_PORT' => '80'
    'REMOTE_ADDR' => '127.0.0.1'
    'DOCUMENT_ROOT' => 'C:/OpenServer/domains/api'
    'REQUEST_SCHEME' => 'http'
    'CONTEXT_PREFIX' => ''
    'CONTEXT_DOCUMENT_ROOT' => 'C:/OpenServer/domains/api'
    'SERVER_ADMIN' => '[no address given]'
    'SCRIPT_FILENAME' => 'C:/OpenServer/domains/api/web/index.php'
    'REMOTE_PORT' => '59491'
    'REDIRECT_URL' => '/decision/company'
    'GATEWAY_INTERFACE' => 'CGI/1.1'
    'SERVER_PROTOCOL' => 'HTTP/1.1'
    'REQUEST_METHOD' => 'POST'
    'QUERY_STRING' => ''
    'REQUEST_URI' => '/decision/company'
    'SCRIPT_NAME' => '/web/index.php'
    'PHP_SELF' => '/web/index.php'
    'REQUEST_TIME_FLOAT' => 1642585404.1604
    'REQUEST_TIME' => 1642585404
]
2022-01-19 12:43:28 [127.0.0.1][-][p0gn2t92cgirdbfpithb716tssfjuqmg][error][yii\web\HttpException:404] yii\base\InvalidRouteException: Unable to resolve the request: decisions/companies in C:\OpenServer\domains\api\vendor\yiisoft\yii2\base\Controller.php:149
Stack trace:
#0 C:\OpenServer\domains\api\vendor\yiisoft\yii2\base\Module.php(552): yii\base\Controller->runAction()
#1 C:\OpenServer\domains\api\vendor\yiisoft\yii2\web\Application.php(103): yii\base\Module->runAction()
#2 C:\OpenServer\domains\api\vendor\yiisoft\yii2\base\Application.php(384): yii\web\Application->handleRequest()
#3 C:\OpenServer\domains\api\web\index.php(12): yii\base\Application->run()
#4 {main}

Next yii\web\NotFoundHttpException: Page not found. in C:\OpenServer\domains\api\vendor\yiisoft\yii2\web\Application.php:115
Stack trace:
#0 C:\OpenServer\domains\api\vendor\yiisoft\yii2\base\Application.php(384): yii\web\Application->handleRequest()
#1 C:\OpenServer\domains\api\web\index.php(12): yii\base\Application->run()
#2 {main}
2022-01-19 12:43:28 [127.0.0.1][-][p0gn2t92cgirdbfpithb716tssfjuqmg][info][application] $_GET = []

$_POST = [
    'Authorization' => 'Bearer eyJ0eXAiOiJKV1QiLCJhbGciOiJIUzI1NiIsImp0aSI6IjRmMWcyM2ExMmFhIn0.eyJpc3MiOiJodHRwOlwvXC9hcGkiLCJhdWQiOiJodHRwOlwvXC9leGFtcGxlLm9yZyIsImp0aSI6IjRmMWcyM2ExMmFhIiwiaWF0IjoxNjQyNDk4Nzg5LCJleHAiOjE2NDI1MDIzODksInVpZCI6MX0.cwm2d5hNyvI5Eo7c2bNgxH2M4OaPzunknDVCN5h5ZbU'
]

$_FILES = []

$_COOKIE = [
    'PHPSESSID' => 'p0gn2t92cgirdbfpithb716tssfjuqmg'
    '_csrf' => 'e00637e92d05adb9ec375f6414a2dca2aa157098cbf50d8bac0ccf0bf32f5224a:2:{i:0;s:5:\"_csrf\";i:1;s:32:\"yfaldyknCu1hAUfZrLHpO9RjfkeD3ChQ\";}'
]

$_SESSION = [
    '__flash' => []
]

$_SERVER = [
    'REDIRECT_STATUS' => '200'
    'HTTP_USER_AGENT' => 'PostmanRuntime/7.29.0'
    'HTTP_ACCEPT' => '*/*'
    'HTTP_POSTMAN_TOKEN' => '1969d75e-543f-4224-9eb1-f46c2ac72f1d'
    'HTTP_HOST' => 'api'
    'HTTP_ACCEPT_ENCODING' => 'gzip, deflate, br'
    'HTTP_CONNECTION' => 'keep-alive'
    'CONTENT_TYPE' => 'multipart/form-data; boundary=--------------------------908997083477692955516677'
    'HTTP_COOKIE' => 'PHPSESSID=p0gn2t92cgirdbfpithb716tssfjuqmg; _csrf=e00637e92d05adb9ec375f6414a2dca2aa157098cbf50d8bac0ccf0bf32f5224a%3A2%3A%7Bi%3A0%3Bs%3A5%3A%22_csrf%22%3Bi%3A1%3Bs%3A32%3A%22yfaldyknCu1hAUfZrLHpO9RjfkeD3ChQ%22%3B%7D'
    'CONTENT_LENGTH' => '434'
    'PATH' => 'c:\\openserver\\modules\\php\\PHP_7.4\\ext;c:\\openserver\\modules\\php\\PHP_7.4\\pear;c:\\openserver\\modules\\php\\PHP_7.4\\pear\\bin;c:\\openserver\\modules\\php\\PHP_7.4;c:\\openserver\\modules\\wget\\bin;c:\\openserver\\modules\\database\\MariaDB-10.5-Win10\\bin;c:\\openserver\\modules\\database\\PostgreSQL-13.3-Win10\\bin;c:\\openserver\\modules\\database\\PostgreSQL-13.3-Win10\\lib;c:\\openserver\\modules\\http\\Apache_2.4-PHP_7.2-7.4\\bin;c:\\openserver\\modules\\http\\Apache_2.4-PHP_7.2-7.4;C:\\Windows\\system32;C:\\Windows;C:\\Windows\\system32\\Wbem;C:\\Windows\\SysWOW64;C:\\Program Files\\nodejs\\;C:\\Windows\\system32;C:\\Windows;C:\\Windows\\System32\\Wbem;C:\\Windows\\System32\\WindowsPowerShell\\v1.0\\;C:\\Windows\\System32\\OpenSSH\\;C:\\Program Files\\Docker\\Docker\\resources\\bin;C:\\ProgramData\\DockerDesktop\\version-bin;C:\\Program Files\\Git\\cmd;C:\\Program Files\\nodejs\\;C:\\Users\\Алибек\\AppData\\Local\\Microsoft\\WindowsApps;C:\\Program Files\\JetBrains\\IntelliJ IDEA 2021.2.3\\bin;C:\\Program Files\\JetBrains\\PhpStorm 2020.1\\bin;C:\\Users\\Алибек\\AppData\\Roaming\\npm'
    'SystemRoot' => 'C:\\Windows'
    'COMSPEC' => 'C:\\Windows\\system32\\cmd.exe'
    'PATHEXT' => '.COM;.EXE;.BAT;.CMD;.VBS;.VBE;.JS;.JSE;.WSF;.WSH;.MSC'
    'WINDIR' => 'C:\\Windows'
    'SERVER_SIGNATURE' => ''
    'SERVER_SOFTWARE' => 'Apache'
    'SERVER_NAME' => 'api'
    'SERVER_ADDR' => '127.0.0.1'
    'SERVER_PORT' => '80'
    'REMOTE_ADDR' => '127.0.0.1'
    'DOCUMENT_ROOT' => 'C:/OpenServer/domains/api'
    'REQUEST_SCHEME' => 'http'
    'CONTEXT_PREFIX' => ''
    'CONTEXT_DOCUMENT_ROOT' => 'C:/OpenServer/domains/api'
    'SERVER_ADMIN' => '[no address given]'
    'SCRIPT_FILENAME' => 'C:/OpenServer/domains/api/web/index.php'
    'REMOTE_PORT' => '59491'
    'REDIRECT_URL' => '/decisions/companies'
    'GATEWAY_INTERFACE' => 'CGI/1.1'
    'SERVER_PROTOCOL' => 'HTTP/1.1'
    'REQUEST_METHOD' => 'POST'
    'QUERY_STRING' => ''
    'REQUEST_URI' => '/decisions/companies'
    'SCRIPT_NAME' => '/web/index.php'
    'PHP_SELF' => '/web/index.php'
    'REQUEST_TIME_FLOAT' => 1642585408.7758
    'REQUEST_TIME' => 1642585408
]
2022-01-19 13:00:36 [127.0.0.1][-][g7gq0md7jags4h4be5ltn4oa1iqanuhg][error][yii\web\HttpException:404] yii\base\InvalidRouteException: Unable to resolve the request "favicon.ico". in C:\OpenServer\domains\api\vendor\yiisoft\yii2\base\Module.php:561
Stack trace:
#0 C:\OpenServer\domains\api\vendor\yiisoft\yii2\web\Application.php(103): yii\base\Module->runAction()
#1 C:\OpenServer\domains\api\vendor\yiisoft\yii2\base\Application.php(384): yii\web\Application->handleRequest()
#2 C:\OpenServer\domains\api\web\index.php(12): yii\base\Application->run()
#3 {main}

Next yii\web\NotFoundHttpException: Page not found. in C:\OpenServer\domains\api\vendor\yiisoft\yii2\web\Application.php:115
Stack trace:
#0 C:\OpenServer\domains\api\vendor\yiisoft\yii2\base\Application.php(384): yii\web\Application->handleRequest()
#1 C:\OpenServer\domains\api\web\index.php(12): yii\base\Application->run()
#2 {main}
2022-01-19 13:00:36 [127.0.0.1][-][g7gq0md7jags4h4be5ltn4oa1iqanuhg][info][application] $_GET = []

$_POST = []

$_FILES = []

$_COOKIE = [
    'PHPSESSID' => 'g7gq0md7jags4h4be5ltn4oa1iqanuhg'
    '_csrf' => '076e0a1f75becfe8da72182de7d719f873e790f9cdd82c4fc9ec63722a7f7dafa:2:{i:0;s:5:\"_csrf\";i:1;s:32:\"qgUZqMhjhSooKWdhZ6ZNloKH_XVKusYD\";}'
]

$_SESSION = [
    '__flash' => []
]

$_SERVER = [
    'REDIRECT_STATUS' => '200'
    'HTTP_HOST' => 'api'
    'HTTP_CONNECTION' => 'keep-alive'
    'HTTP_USER_AGENT' => 'Mozilla/5.0 (Windows NT 10.0; Win64; x64) AppleWebKit/537.36 (KHTML, like Gecko) Chrome/96.0.4664.110 Safari/537.36 OPR/82.0.4227.58'
    'HTTP_ACCEPT' => 'image/avif,image/webp,image/apng,image/svg+xml,image/*,*/*;q=0.8'
    'HTTP_REFERER' => 'http://api/'
    'HTTP_ACCEPT_ENCODING' => 'gzip, deflate'
    'HTTP_ACCEPT_LANGUAGE' => 'ru-RU,ru;q=0.9,en-US;q=0.8,en;q=0.7'
    'HTTP_COOKIE' => 'PHPSESSID=g7gq0md7jags4h4be5ltn4oa1iqanuhg; _csrf=076e0a1f75becfe8da72182de7d719f873e790f9cdd82c4fc9ec63722a7f7dafa%3A2%3A%7Bi%3A0%3Bs%3A5%3A%22_csrf%22%3Bi%3A1%3Bs%3A32%3A%22qgUZqMhjhSooKWdhZ6ZNloKH_XVKusYD%22%3B%7D'
    'PATH' => 'c:\\openserver\\modules\\php\\PHP_7.4\\ext;c:\\openserver\\modules\\php\\PHP_7.4\\pear;c:\\openserver\\modules\\php\\PHP_7.4\\pear\\bin;c:\\openserver\\modules\\php\\PHP_7.4;c:\\openserver\\modules\\wget\\bin;c:\\openserver\\modules\\database\\MariaDB-10.5-Win10\\bin;c:\\openserver\\modules\\database\\PostgreSQL-13.3-Win10\\bin;c:\\openserver\\modules\\database\\PostgreSQL-13.3-Win10\\lib;c:\\openserver\\modules\\http\\Apache_2.4-PHP_7.2-7.4\\bin;c:\\openserver\\modules\\http\\Apache_2.4-PHP_7.2-7.4;C:\\Windows\\system32;C:\\Windows;C:\\Windows\\system32\\Wbem;C:\\Windows\\SysWOW64;C:\\Program Files\\nodejs\\;C:\\Windows\\system32;C:\\Windows;C:\\Windows\\System32\\Wbem;C:\\Windows\\System32\\WindowsPowerShell\\v1.0\\;C:\\Windows\\System32\\OpenSSH\\;C:\\Program Files\\Docker\\Docker\\resources\\bin;C:\\ProgramData\\DockerDesktop\\version-bin;C:\\Program Files\\Git\\cmd;C:\\Program Files\\nodejs\\;C:\\Users\\Алибек\\AppData\\Local\\Microsoft\\WindowsApps;C:\\Program Files\\JetBrains\\IntelliJ IDEA 2021.2.3\\bin;C:\\Program Files\\JetBrains\\PhpStorm 2020.1\\bin;C:\\Users\\Алибек\\AppData\\Roaming\\npm'
    'SystemRoot' => 'C:\\Windows'
    'COMSPEC' => 'C:\\Windows\\system32\\cmd.exe'
    'PATHEXT' => '.COM;.EXE;.BAT;.CMD;.VBS;.VBE;.JS;.JSE;.WSF;.WSH;.MSC'
    'WINDIR' => 'C:\\Windows'
    'SERVER_SIGNATURE' => ''
    'SERVER_SOFTWARE' => 'Apache'
    'SERVER_NAME' => 'api'
    'SERVER_ADDR' => '127.0.0.1'
    'SERVER_PORT' => '80'
    'REMOTE_ADDR' => '127.0.0.1'
    'DOCUMENT_ROOT' => 'C:/OpenServer/domains/api'
    'REQUEST_SCHEME' => 'http'
    'CONTEXT_PREFIX' => ''
    'CONTEXT_DOCUMENT_ROOT' => 'C:/OpenServer/domains/api'
    'SERVER_ADMIN' => '[no address given]'
    'SCRIPT_FILENAME' => 'C:/OpenServer/domains/api/web/index.php'
    'REMOTE_PORT' => '59884'
    'REDIRECT_URL' => '/favicon.ico'
    'GATEWAY_INTERFACE' => 'CGI/1.1'
    'SERVER_PROTOCOL' => 'HTTP/1.1'
    'REQUEST_METHOD' => 'GET'
    'QUERY_STRING' => ''
    'REQUEST_URI' => '/favicon.ico'
    'SCRIPT_NAME' => '/web/index.php'
    'PHP_SELF' => '/web/index.php'
    'REQUEST_TIME_FLOAT' => 1642586436.0769
    'REQUEST_TIME' => 1642586436
]
2022-01-19 13:33:17 [127.0.0.1][-][p0gn2t92cgirdbfpithb716tssfjuqmg][error][yii\web\HttpException:401] yii\web\UnauthorizedHttpException: Your request was made with invalid credentials. in C:\OpenServer\domains\api\vendor\yiisoft\yii2\filters\auth\AuthMethod.php:93
Stack trace:
#0 C:\OpenServer\domains\api\vendor\yiisoft\yii2\filters\auth\AuthMethod.php(76): yii\filters\auth\AuthMethod->handleFailure()
#1 C:\OpenServer\domains\api\vendor\yiisoft\yii2\base\ActionFilter.php(77): yii\filters\auth\AuthMethod->beforeAction()
#2 [internal function]: yii\base\ActionFilter->beforeFilter()
#3 C:\OpenServer\domains\api\vendor\yiisoft\yii2\base\Component.php(633): call_user_func()
#4 C:\OpenServer\domains\api\vendor\yiisoft\yii2\base\Controller.php(297): yii\base\Component->trigger()
#5 C:\OpenServer\domains\api\vendor\yiisoft\yii2\web\Controller.php(221): yii\base\Controller->beforeAction()
#6 C:\OpenServer\domains\api\vendor\yiisoft\yii2\base\Controller.php(176): yii\web\Controller->beforeAction()
#7 C:\OpenServer\domains\api\vendor\yiisoft\yii2\base\Module.php(552): yii\base\Controller->runAction()
#8 C:\OpenServer\domains\api\vendor\yiisoft\yii2\web\Application.php(103): yii\base\Module->runAction()
#9 C:\OpenServer\domains\api\vendor\yiisoft\yii2\base\Application.php(384): yii\web\Application->handleRequest()
#10 C:\OpenServer\domains\api\web\index.php(12): yii\base\Application->run()
#11 {main}
2022-01-19 13:33:17 [127.0.0.1][-][p0gn2t92cgirdbfpithb716tssfjuqmg][info][application] $_GET = []

$_POST = [
    'Authorization' => 'Bearer eyJ0eXAiOiJKV1QiLCJhbGciOiJIUzI1NiIsImp0aSI6IjRmMWcyM2ExMmFhIn0.eyJpc3MiOiJodHRwOlwvXC9hcGkiLCJhdWQiOiJodHRwOlwvXC9leGFtcGxlLm9yZyIsImp0aSI6IjRmMWcyM2ExMmFhIiwiaWF0IjoxNjQyNDk4Nzg5LCJleHAiOjE2NDI1MDIzODksInVpZCI6MX0.cwm2d5hNyvI5Eo7c2bNgxH2M4OaPzunknDVCN5h5ZbU'
]

$_FILES = []

$_COOKIE = [
    'PHPSESSID' => 'p0gn2t92cgirdbfpithb716tssfjuqmg'
    '_csrf' => 'e00637e92d05adb9ec375f6414a2dca2aa157098cbf50d8bac0ccf0bf32f5224a:2:{i:0;s:5:\"_csrf\";i:1;s:32:\"yfaldyknCu1hAUfZrLHpO9RjfkeD3ChQ\";}'
]

$_SESSION = [
    '__flash' => []
]

$_SERVER = [
    'REDIRECT_STATUS' => '200'
    'HTTP_USER_AGENT' => 'PostmanRuntime/7.29.0'
    'HTTP_ACCEPT' => '*/*'
    'HTTP_POSTMAN_TOKEN' => '1b7478c3-3813-4bb4-8450-22b830945b34'
    'HTTP_HOST' => 'api'
    'HTTP_ACCEPT_ENCODING' => 'gzip, deflate, br'
    'HTTP_CONNECTION' => 'keep-alive'
    'CONTENT_TYPE' => 'multipart/form-data; boundary=--------------------------099170429235743175960426'
    'HTTP_COOKIE' => 'PHPSESSID=p0gn2t92cgirdbfpithb716tssfjuqmg; _csrf=e00637e92d05adb9ec375f6414a2dca2aa157098cbf50d8bac0ccf0bf32f5224a%3A2%3A%7Bi%3A0%3Bs%3A5%3A%22_csrf%22%3Bi%3A1%3Bs%3A32%3A%22yfaldyknCu1hAUfZrLHpO9RjfkeD3ChQ%22%3B%7D'
    'CONTENT_LENGTH' => '434'
    'PATH' => 'c:\\openserver\\modules\\php\\PHP_7.4\\ext;c:\\openserver\\modules\\php\\PHP_7.4\\pear;c:\\openserver\\modules\\php\\PHP_7.4\\pear\\bin;c:\\openserver\\modules\\php\\PHP_7.4;c:\\openserver\\modules\\wget\\bin;c:\\openserver\\modules\\database\\MariaDB-10.5-Win10\\bin;c:\\openserver\\modules\\database\\PostgreSQL-13.3-Win10\\bin;c:\\openserver\\modules\\database\\PostgreSQL-13.3-Win10\\lib;c:\\openserver\\modules\\http\\Apache_2.4-PHP_7.2-7.4\\bin;c:\\openserver\\modules\\http\\Apache_2.4-PHP_7.2-7.4;C:\\Windows\\system32;C:\\Windows;C:\\Windows\\system32\\Wbem;C:\\Windows\\SysWOW64;C:\\Program Files\\nodejs\\;C:\\Windows\\system32;C:\\Windows;C:\\Windows\\System32\\Wbem;C:\\Windows\\System32\\WindowsPowerShell\\v1.0\\;C:\\Windows\\System32\\OpenSSH\\;C:\\Program Files\\Docker\\Docker\\resources\\bin;C:\\ProgramData\\DockerDesktop\\version-bin;C:\\Program Files\\Git\\cmd;C:\\Program Files\\nodejs\\;C:\\Users\\Алибек\\AppData\\Local\\Microsoft\\WindowsApps;C:\\Program Files\\JetBrains\\IntelliJ IDEA 2021.2.3\\bin;C:\\Program Files\\JetBrains\\PhpStorm 2020.1\\bin;C:\\Users\\Алибек\\AppData\\Roaming\\npm'
    'SystemRoot' => 'C:\\Windows'
    'COMSPEC' => 'C:\\Windows\\system32\\cmd.exe'
    'PATHEXT' => '.COM;.EXE;.BAT;.CMD;.VBS;.VBE;.JS;.JSE;.WSF;.WSH;.MSC'
    'WINDIR' => 'C:\\Windows'
    'SERVER_SIGNATURE' => ''
    'SERVER_SOFTWARE' => 'Apache'
    'SERVER_NAME' => 'api'
    'SERVER_ADDR' => '127.0.0.1'
    'SERVER_PORT' => '80'
    'REMOTE_ADDR' => '127.0.0.1'
    'DOCUMENT_ROOT' => 'C:/OpenServer/domains/api'
    'REQUEST_SCHEME' => 'http'
    'CONTEXT_PREFIX' => ''
    'CONTEXT_DOCUMENT_ROOT' => 'C:/OpenServer/domains/api'
    'SERVER_ADMIN' => '[no address given]'
    'SCRIPT_FILENAME' => 'C:/OpenServer/domains/api/web/index.php'
    'REMOTE_PORT' => '60914'
    'REDIRECT_URL' => '/decisions/company'
    'GATEWAY_INTERFACE' => 'CGI/1.1'
    'SERVER_PROTOCOL' => 'HTTP/1.1'
    'REQUEST_METHOD' => 'POST'
    'QUERY_STRING' => ''
    'REQUEST_URI' => '/decisions/company'
    'SCRIPT_NAME' => '/web/index.php'
    'PHP_SELF' => '/web/index.php'
    'REQUEST_TIME_FLOAT' => 1642588397.0413
    'REQUEST_TIME' => 1642588397
]
2022-01-19 18:36:04 [127.0.0.1][-][er2lfke81fgco4du0sc0iffrbedluv40][error][yii\web\HttpException:404] yii\base\InvalidRouteException: Unable to resolve the request "favicon.ico". in D:\OpenServer\domains\api\vendor\yiisoft\yii2\base\Module.php:561
Stack trace:
#0 D:\OpenServer\domains\api\vendor\yiisoft\yii2\web\Application.php(103): yii\base\Module->runAction()
#1 D:\OpenServer\domains\api\vendor\yiisoft\yii2\base\Application.php(384): yii\web\Application->handleRequest()
#2 D:\OpenServer\domains\api\web\index.php(12): yii\base\Application->run()
#3 {main}

Next yii\web\NotFoundHttpException: Page not found. in D:\OpenServer\domains\api\vendor\yiisoft\yii2\web\Application.php:115
Stack trace:
#0 D:\OpenServer\domains\api\vendor\yiisoft\yii2\base\Application.php(384): yii\web\Application->handleRequest()
#1 D:\OpenServer\domains\api\web\index.php(12): yii\base\Application->run()
#2 {main}
2022-01-19 18:36:04 [127.0.0.1][-][er2lfke81fgco4du0sc0iffrbedluv40][info][application] $_GET = []

$_POST = []

$_FILES = []

$_COOKIE = [
    'PHPSESSID' => 'er2lfke81fgco4du0sc0iffrbedluv40'
    '_csrf' => '19ec386a5d1902713fc55e5f6e8eeb0f6ddbcc957e2ce84bdb1d555d4078e447a:2:{i:0;s:5:\"_csrf\";i:1;s:32:\"PQYk0L60PiKH1UPm5yh00w5ykaHkTs70\";}'
]

$_SESSION = [
    '__flash' => []
]

$_SERVER = [
    'REDIRECT_STATUS' => '200'
    'HTTP_HOST' => 'api'
    'HTTP_CONNECTION' => 'keep-alive'
    'HTTP_USER_AGENT' => 'Mozilla/5.0 (Windows NT 10.0; Win64; x64) AppleWebKit/537.36 (KHTML, like Gecko) Chrome/87.0.4280.141 Safari/537.36 OPR/73.0.3856.344'
    'HTTP_ACCEPT' => 'image/avif,image/webp,image/apng,image/*,*/*;q=0.8'
    'HTTP_REFERER' => 'http://api/'
    'HTTP_ACCEPT_ENCODING' => 'gzip, deflate'
    'HTTP_ACCEPT_LANGUAGE' => 'ru-RU,ru;q=0.9,en-US;q=0.8,en;q=0.7'
    'HTTP_COOKIE' => 'PHPSESSID=er2lfke81fgco4du0sc0iffrbedluv40; _csrf=19ec386a5d1902713fc55e5f6e8eeb0f6ddbcc957e2ce84bdb1d555d4078e447a%3A2%3A%7Bi%3A0%3Bs%3A5%3A%22_csrf%22%3Bi%3A1%3Bs%3A32%3A%22PQYk0L60PiKH1UPm5yh00w5ykaHkTs70%22%3B%7D'
    'PATH' => 'd:\\openserver\\modules\\php\\PHP_7.4\\ext;d:\\openserver\\modules\\php\\PHP_7.4\\pear;d:\\openserver\\modules\\php\\PHP_7.4\\pear\\bin;d:\\openserver\\modules\\php\\PHP_7.4;d:\\openserver\\modules\\wget\\bin;d:\\openserver\\modules\\database\\MySQL-8.0\\bin;d:\\openserver\\modules\\http\\Apache_2.4-PHP_7.2-7.4\\bin;d:\\openserver\\modules\\http\\Apache_2.4-PHP_7.2-7.4;C:\\WINDOWS\\system32;C:\\WINDOWS;C:\\WINDOWS\\system32\\Wbem;C:\\WINDOWS\\SysWOW64;C:\\Program Files (x86)\\Common Files\\Oracle\\Java\\javapath;C:\\WINDOWS\\system32;C:\\WINDOWS;C:\\WINDOWS\\System32\\Wbem;C:\\WINDOWS\\System32\\WindowsPowerShell\\v1.0\\;C:\\WINDOWS\\System32\\OpenSSH\\;D:\\Microchip\\xc8\\v2.31\\bin;C:\\Program Files\\nodejs\\;C:\\Program Files\\PostgreSQL\\13\\bin;C:\\Program Files\\PostgreSQL\\13\\lib;D:\\Git\\cmd;D:\\xampp\\php;C:\\ProgramData\\ComposerSetup\\bin;C:\\Python\\Python39\\Scripts\\;C:\\Python\\Python39\\;C:\\Users\\79019\\AppData\\Local\\Microsoft\\WindowsApps;C:\\Users\\79019\\AppData\\Local\\Programs\\Microsoft VS Code\\bin;C:\\Users\\79019\\AppData\\Roaming\\npm;C:\\Users\\79019\\AppData\\Local\\GitHubDesktop\\bin;C:\\Program Files\\heroku\\bin;C:\\Users\\79019\\AppData\\Local\\ComposerSetup\\bin;C:\\Users\\79019\\AppData\\Roaming\\Composer\\vendor\\bin'
    'SystemRoot' => 'C:\\WINDOWS'
    'COMSPEC' => 'C:\\WINDOWS\\system32\\cmd.exe'
    'PATHEXT' => '.COM;.EXE;.BAT;.CMD;.VBS;.VBE;.JS;.JSE;.WSF;.WSH;.MSC'
    'WINDIR' => 'C:\\WINDOWS'
    'SERVER_SIGNATURE' => ''
    'SERVER_SOFTWARE' => 'Apache'
    'SERVER_NAME' => 'api'
    'SERVER_ADDR' => '127.0.0.1'
    'SERVER_PORT' => '80'
    'REMOTE_ADDR' => '127.0.0.1'
    'DOCUMENT_ROOT' => 'D:/OpenServer/domains/api'
    'REQUEST_SCHEME' => 'http'
    'CONTEXT_PREFIX' => ''
    'CONTEXT_DOCUMENT_ROOT' => 'D:/OpenServer/domains/api'
    'SERVER_ADMIN' => '[no address given]'
    'SCRIPT_FILENAME' => 'D:/OpenServer/domains/api/web/index.php'
    'REMOTE_PORT' => '54057'
    'REDIRECT_URL' => '/favicon.ico'
    'GATEWAY_INTERFACE' => 'CGI/1.1'
    'SERVER_PROTOCOL' => 'HTTP/1.1'
    'REQUEST_METHOD' => 'GET'
    'QUERY_STRING' => ''
    'REQUEST_URI' => '/favicon.ico'
    'SCRIPT_NAME' => '/web/index.php'
    'PHP_SELF' => '/web/index.php'
    'REQUEST_TIME_FLOAT' => 1642606564.7356
    'REQUEST_TIME' => 1642606564
    'argv' => []
    'argc' => 0
]
2022-01-19 18:41:03 [127.0.0.1][-][er2lfke81fgco4du0sc0iffrbedluv40][error][yii\web\HttpException:401] yii\web\UnauthorizedHttpException: Your request was made with invalid credentials. in D:\OpenServer\domains\api\vendor\yiisoft\yii2\filters\auth\AuthMethod.php:93
Stack trace:
#0 D:\OpenServer\domains\api\vendor\yiisoft\yii2\filters\auth\AuthMethod.php(76): yii\filters\auth\AuthMethod->handleFailure()
#1 D:\OpenServer\domains\api\vendor\yiisoft\yii2\base\ActionFilter.php(77): yii\filters\auth\AuthMethod->beforeAction()
#2 [internal function]: yii\base\ActionFilter->beforeFilter()
#3 D:\OpenServer\domains\api\vendor\yiisoft\yii2\base\Component.php(633): call_user_func()
#4 D:\OpenServer\domains\api\vendor\yiisoft\yii2\base\Controller.php(297): yii\base\Component->trigger()
#5 D:\OpenServer\domains\api\vendor\yiisoft\yii2\web\Controller.php(221): yii\base\Controller->beforeAction()
#6 D:\OpenServer\domains\api\vendor\yiisoft\yii2\base\Controller.php(176): yii\web\Controller->beforeAction()
#7 D:\OpenServer\domains\api\vendor\yiisoft\yii2\base\Module.php(552): yii\base\Controller->runAction()
#8 D:\OpenServer\domains\api\vendor\yiisoft\yii2\web\Application.php(103): yii\base\Module->runAction()
#9 D:\OpenServer\domains\api\vendor\yiisoft\yii2\base\Application.php(384): yii\web\Application->handleRequest()
#10 D:\OpenServer\domains\api\web\index.php(12): yii\base\Application->run()
#11 {main}
2022-01-19 18:41:03 [127.0.0.1][-][er2lfke81fgco4du0sc0iffrbedluv40][info][application] $_GET = []

$_POST = []

$_FILES = []

$_COOKIE = [
    'PHPSESSID' => 'er2lfke81fgco4du0sc0iffrbedluv40'
    '_csrf' => '19ec386a5d1902713fc55e5f6e8eeb0f6ddbcc957e2ce84bdb1d555d4078e447a:2:{i:0;s:5:\"_csrf\";i:1;s:32:\"PQYk0L60PiKH1UPm5yh00w5ykaHkTs70\";}'
]

$_SESSION = [
    '__flash' => []
]

$_SERVER = [
    'REDIRECT_STATUS' => '200'
    'HTTP_HOST' => 'api'
    'HTTP_CONNECTION' => 'keep-alive'
    'HTTP_UPGRADE_INSECURE_REQUESTS' => '1'
    'HTTP_USER_AGENT' => 'Mozilla/5.0 (Windows NT 10.0; Win64; x64) AppleWebKit/537.36 (KHTML, like Gecko) Chrome/87.0.4280.141 Safari/537.36 OPR/73.0.3856.344'
    'HTTP_ACCEPT' => 'text/html,application/xhtml+xml,application/xml;q=0.9,image/avif,image/webp,image/apng,*/*;q=0.8,application/signed-exchange;v=b3;q=0.9'
    'HTTP_ACCEPT_ENCODING' => 'gzip, deflate'
    'HTTP_ACCEPT_LANGUAGE' => 'ru-RU,ru;q=0.9,en-US;q=0.8,en;q=0.7'
    'HTTP_COOKIE' => 'PHPSESSID=er2lfke81fgco4du0sc0iffrbedluv40; _csrf=19ec386a5d1902713fc55e5f6e8eeb0f6ddbcc957e2ce84bdb1d555d4078e447a%3A2%3A%7Bi%3A0%3Bs%3A5%3A%22_csrf%22%3Bi%3A1%3Bs%3A32%3A%22PQYk0L60PiKH1UPm5yh00w5ykaHkTs70%22%3B%7D'
    'PATH' => 'd:\\openserver\\modules\\php\\PHP_7.4\\ext;d:\\openserver\\modules\\php\\PHP_7.4\\pear;d:\\openserver\\modules\\php\\PHP_7.4\\pear\\bin;d:\\openserver\\modules\\php\\PHP_7.4;d:\\openserver\\modules\\wget\\bin;d:\\openserver\\modules\\database\\MySQL-8.0\\bin;d:\\openserver\\modules\\http\\Apache_2.4-PHP_7.2-7.4\\bin;d:\\openserver\\modules\\http\\Apache_2.4-PHP_7.2-7.4;C:\\WINDOWS\\system32;C:\\WINDOWS;C:\\WINDOWS\\system32\\Wbem;C:\\WINDOWS\\SysWOW64;C:\\Program Files (x86)\\Common Files\\Oracle\\Java\\javapath;C:\\WINDOWS\\system32;C:\\WINDOWS;C:\\WINDOWS\\System32\\Wbem;C:\\WINDOWS\\System32\\WindowsPowerShell\\v1.0\\;C:\\WINDOWS\\System32\\OpenSSH\\;D:\\Microchip\\xc8\\v2.31\\bin;C:\\Program Files\\nodejs\\;C:\\Program Files\\PostgreSQL\\13\\bin;C:\\Program Files\\PostgreSQL\\13\\lib;D:\\Git\\cmd;D:\\xampp\\php;C:\\ProgramData\\ComposerSetup\\bin;C:\\Python\\Python39\\Scripts\\;C:\\Python\\Python39\\;C:\\Users\\79019\\AppData\\Local\\Microsoft\\WindowsApps;C:\\Users\\79019\\AppData\\Local\\Programs\\Microsoft VS Code\\bin;C:\\Users\\79019\\AppData\\Roaming\\npm;C:\\Users\\79019\\AppData\\Local\\GitHubDesktop\\bin;C:\\Program Files\\heroku\\bin;C:\\Users\\79019\\AppData\\Local\\ComposerSetup\\bin;C:\\Users\\79019\\AppData\\Roaming\\Composer\\vendor\\bin'
    'SystemRoot' => 'C:\\WINDOWS'
    'COMSPEC' => 'C:\\WINDOWS\\system32\\cmd.exe'
    'PATHEXT' => '.COM;.EXE;.BAT;.CMD;.VBS;.VBE;.JS;.JSE;.WSF;.WSH;.MSC'
    'WINDIR' => 'C:\\WINDOWS'
    'SERVER_SIGNATURE' => ''
    'SERVER_SOFTWARE' => 'Apache'
    'SERVER_NAME' => 'api'
    'SERVER_ADDR' => '127.0.0.1'
    'SERVER_PORT' => '80'
    'REMOTE_ADDR' => '127.0.0.1'
    'DOCUMENT_ROOT' => 'D:/OpenServer/domains/api'
    'REQUEST_SCHEME' => 'http'
    'CONTEXT_PREFIX' => ''
    'CONTEXT_DOCUMENT_ROOT' => 'D:/OpenServer/domains/api'
    'SERVER_ADMIN' => '[no address given]'
    'SCRIPT_FILENAME' => 'D:/OpenServer/domains/api/web/index.php'
    'REMOTE_PORT' => '57520'
    'REDIRECT_URL' => '/estimation'
    'GATEWAY_INTERFACE' => 'CGI/1.1'
    'SERVER_PROTOCOL' => 'HTTP/1.1'
    'REQUEST_METHOD' => 'GET'
    'QUERY_STRING' => ''
    'REQUEST_URI' => '/estimation'
    'SCRIPT_NAME' => '/web/index.php'
    'PHP_SELF' => '/web/index.php'
    'REQUEST_TIME_FLOAT' => 1642606863.7346
    'REQUEST_TIME' => 1642606863
    'argv' => []
    'argc' => 0
]
2022-01-19 18:42:14 [127.0.0.1][-][er2lfke81fgco4du0sc0iffrbedluv40][error][yii\db\Exception] PDOException: SQLSTATE[HY000] [1045] Access denied for user 'root'@'localhost' (using password: NO) in D:\OpenServer\domains\api\vendor\yiisoft\yii2\db\Connection.php:721
Stack trace:
#0 D:\OpenServer\domains\api\vendor\yiisoft\yii2\db\Connection.php(721): PDO->__construct()
#1 D:\OpenServer\domains\api\vendor\yiisoft\yii2\db\Connection.php(636): yii\db\Connection->createPdoInstance()
#2 D:\OpenServer\domains\api\vendor\yiisoft\yii2\db\Connection.php(1061): yii\db\Connection->open()
#3 D:\OpenServer\domains\api\vendor\yiisoft\yii2\db\Connection.php(1048): yii\db\Connection->getMasterPdo()
#4 D:\OpenServer\domains\api\vendor\yiisoft\yii2\db\mysql\QueryBuilder.php(406): yii\db\Connection->getSlavePdo()
#5 D:\OpenServer\domains\api\vendor\yiisoft\yii2\db\mysql\QueryBuilder.php(430): yii\db\mysql\QueryBuilder->supportsFractionalSeconds()
#6 D:\OpenServer\domains\api\vendor\yiisoft\yii2\db\mysql\QueryBuilder.php(59): yii\db\mysql\QueryBuilder->defaultTimeTypeMap()
#7 D:\OpenServer\domains\api\vendor\yiisoft\yii2\base\BaseObject.php(109): yii\db\mysql\QueryBuilder->init()
#8 D:\OpenServer\domains\api\vendor\yiisoft\yii2\db\QueryBuilder.php(116): yii\base\BaseObject->__construct()
#9 D:\OpenServer\domains\api\vendor\yiisoft\yii2\db\mysql\Schema.php(217): yii\db\QueryBuilder->__construct()
#10 D:\OpenServer\domains\api\vendor\yiisoft\yii2\db\Schema.php(247): yii\db\mysql\Schema->createQueryBuilder()
#11 D:\OpenServer\domains\api\vendor\yiisoft\yii2\db\Connection.php(878): yii\db\Schema->getQueryBuilder()
#12 D:\OpenServer\domains\api\vendor\yiisoft\yii2\db\ActiveQuery.php(328): yii\db\Connection->getQueryBuilder()
#13 D:\OpenServer\domains\api\vendor\yiisoft\yii2\db\Query.php(481): yii\db\ActiveQuery->createCommand()
#14 D:\OpenServer\domains\api\vendor\yiisoft\yii2\db\ActiveQuery.php(352): yii\db\Query->queryScalar()
#15 D:\OpenServer\domains\api\vendor\yiisoft\yii2\db\Query.php(368): yii\db\ActiveQuery->queryScalar()
#16 D:\OpenServer\domains\api\vendor\yiisoft\yii2\data\ActiveDataProvider.php(168): yii\db\Query->count()
#17 D:\OpenServer\domains\api\vendor\yiisoft\yii2\data\BaseDataProvider.php(169): yii\data\ActiveDataProvider->prepareTotalCount()
#18 D:\OpenServer\domains\api\vendor\yiisoft\yii2\data\ActiveDataProvider.php(105): yii\data\BaseDataProvider->getTotalCount()
#19 D:\OpenServer\domains\api\vendor\yiisoft\yii2\data\BaseDataProvider.php(101): yii\data\ActiveDataProvider->prepareModels()
#20 D:\OpenServer\domains\api\vendor\yiisoft\yii2\data\BaseDataProvider.php(114): yii\data\BaseDataProvider->prepare()
#21 D:\OpenServer\domains\api\vendor\yiisoft\yii2\rest\Serializer.php(194): yii\data\BaseDataProvider->getModels()
#22 D:\OpenServer\domains\api\vendor\yiisoft\yii2\rest\Serializer.php(154): yii\rest\Serializer->serializeDataProvider()
#23 D:\OpenServer\domains\api\vendor\yiisoft\yii2\rest\Controller.php(99): yii\rest\Serializer->serialize()
#24 D:\OpenServer\domains\api\vendor\yiisoft\yii2\rest\Controller.php(77): yii\rest\Controller->serializeData()
#25 D:\OpenServer\domains\api\vendor\yiisoft\yii2\base\Controller.php(180): yii\rest\Controller->afterAction()
#26 D:\OpenServer\domains\api\vendor\yiisoft\yii2\base\Module.php(552): yii\base\Controller->runAction()
#27 D:\OpenServer\domains\api\vendor\yiisoft\yii2\web\Application.php(103): yii\base\Module->runAction()
#28 D:\OpenServer\domains\api\vendor\yiisoft\yii2\base\Application.php(384): yii\web\Application->handleRequest()
#29 D:\OpenServer\domains\api\web\index.php(12): yii\base\Application->run()
#30 {main}

Next yii\db\Exception: SQLSTATE[HY000] [1045] Access denied for user 'root'@'localhost' (using password: NO) in D:\OpenServer\domains\api\vendor\yiisoft\yii2\db\Connection.php:647
Stack trace:
#0 D:\OpenServer\domains\api\vendor\yiisoft\yii2\db\Connection.php(1061): yii\db\Connection->open()
#1 D:\OpenServer\domains\api\vendor\yiisoft\yii2\db\Connection.php(1048): yii\db\Connection->getMasterPdo()
#2 D:\OpenServer\domains\api\vendor\yiisoft\yii2\db\mysql\QueryBuilder.php(406): yii\db\Connection->getSlavePdo()
#3 D:\OpenServer\domains\api\vendor\yiisoft\yii2\db\mysql\QueryBuilder.php(430): yii\db\mysql\QueryBuilder->supportsFractionalSeconds()
#4 D:\OpenServer\domains\api\vendor\yiisoft\yii2\db\mysql\QueryBuilder.php(59): yii\db\mysql\QueryBuilder->defaultTimeTypeMap()
#5 D:\OpenServer\domains\api\vendor\yiisoft\yii2\base\BaseObject.php(109): yii\db\mysql\QueryBuilder->init()
#6 D:\OpenServer\domains\api\vendor\yiisoft\yii2\db\QueryBuilder.php(116): yii\base\BaseObject->__construct()
#7 D:\OpenServer\domains\api\vendor\yiisoft\yii2\db\mysql\Schema.php(217): yii\db\QueryBuilder->__construct()
#8 D:\OpenServer\domains\api\vendor\yiisoft\yii2\db\Schema.php(247): yii\db\mysql\Schema->createQueryBuilder()
#9 D:\OpenServer\domains\api\vendor\yiisoft\yii2\db\Connection.php(878): yii\db\Schema->getQueryBuilder()
#10 D:\OpenServer\domains\api\vendor\yiisoft\yii2\db\ActiveQuery.php(328): yii\db\Connection->getQueryBuilder()
#11 D:\OpenServer\domains\api\vendor\yiisoft\yii2\db\Query.php(481): yii\db\ActiveQuery->createCommand()
#12 D:\OpenServer\domains\api\vendor\yiisoft\yii2\db\ActiveQuery.php(352): yii\db\Query->queryScalar()
#13 D:\OpenServer\domains\api\vendor\yiisoft\yii2\db\Query.php(368): yii\db\ActiveQuery->queryScalar()
#14 D:\OpenServer\domains\api\vendor\yiisoft\yii2\data\ActiveDataProvider.php(168): yii\db\Query->count()
#15 D:\OpenServer\domains\api\vendor\yiisoft\yii2\data\BaseDataProvider.php(169): yii\data\ActiveDataProvider->prepareTotalCount()
#16 D:\OpenServer\domains\api\vendor\yiisoft\yii2\data\ActiveDataProvider.php(105): yii\data\BaseDataProvider->getTotalCount()
#17 D:\OpenServer\domains\api\vendor\yiisoft\yii2\data\BaseDataProvider.php(101): yii\data\ActiveDataProvider->prepareModels()
#18 D:\OpenServer\domains\api\vendor\yiisoft\yii2\data\BaseDataProvider.php(114): yii\data\BaseDataProvider->prepare()
#19 D:\OpenServer\domains\api\vendor\yiisoft\yii2\rest\Serializer.php(194): yii\data\BaseDataProvider->getModels()
#20 D:\OpenServer\domains\api\vendor\yiisoft\yii2\rest\Serializer.php(154): yii\rest\Serializer->serializeDataProvider()
#21 D:\OpenServer\domains\api\vendor\yiisoft\yii2\rest\Controller.php(99): yii\rest\Serializer->serialize()
#22 D:\OpenServer\domains\api\vendor\yiisoft\yii2\rest\Controller.php(77): yii\rest\Controller->serializeData()
#23 D:\OpenServer\domains\api\vendor\yiisoft\yii2\base\Controller.php(180): yii\rest\Controller->afterAction()
#24 D:\OpenServer\domains\api\vendor\yiisoft\yii2\base\Module.php(552): yii\base\Controller->runAction()
#25 D:\OpenServer\domains\api\vendor\yiisoft\yii2\web\Application.php(103): yii\base\Module->runAction()
#26 D:\OpenServer\domains\api\vendor\yiisoft\yii2\base\Application.php(384): yii\web\Application->handleRequest()
#27 D:\OpenServer\domains\api\web\index.php(12): yii\base\Application->run()
#28 {main}
Additional Information:
Array
(
    [0] => HY000
    [1] => 1045
    [2] => Access denied for user 'root'@'localhost' (using password: NO)
)

2022-01-19 18:42:14 [127.0.0.1][-][er2lfke81fgco4du0sc0iffrbedluv40][info][application] $_GET = []

$_POST = []

$_FILES = []

$_COOKIE = [
    'PHPSESSID' => 'er2lfke81fgco4du0sc0iffrbedluv40'
    '_csrf' => '19ec386a5d1902713fc55e5f6e8eeb0f6ddbcc957e2ce84bdb1d555d4078e447a:2:{i:0;s:5:\"_csrf\";i:1;s:32:\"PQYk0L60PiKH1UPm5yh00w5ykaHkTs70\";}'
]

$_SESSION = [
    '__flash' => []
]

$_SERVER = [
    'REDIRECT_STATUS' => '200'
    'HTTP_HOST' => 'api'
    'HTTP_CONNECTION' => 'keep-alive'
    'HTTP_UPGRADE_INSECURE_REQUESTS' => '1'
    'HTTP_USER_AGENT' => 'Mozilla/5.0 (Windows NT 10.0; Win64; x64) AppleWebKit/537.36 (KHTML, like Gecko) Chrome/87.0.4280.141 Safari/537.36 OPR/73.0.3856.344'
    'HTTP_ACCEPT' => 'text/html,application/xhtml+xml,application/xml;q=0.9,image/avif,image/webp,image/apng,*/*;q=0.8,application/signed-exchange;v=b3;q=0.9'
    'HTTP_ACCEPT_ENCODING' => 'gzip, deflate'
    'HTTP_ACCEPT_LANGUAGE' => 'ru-RU,ru;q=0.9,en-US;q=0.8,en;q=0.7'
    'HTTP_COOKIE' => 'PHPSESSID=er2lfke81fgco4du0sc0iffrbedluv40; _csrf=19ec386a5d1902713fc55e5f6e8eeb0f6ddbcc957e2ce84bdb1d555d4078e447a%3A2%3A%7Bi%3A0%3Bs%3A5%3A%22_csrf%22%3Bi%3A1%3Bs%3A32%3A%22PQYk0L60PiKH1UPm5yh00w5ykaHkTs70%22%3B%7D'
    'PATH' => 'd:\\openserver\\modules\\php\\PHP_7.4\\ext;d:\\openserver\\modules\\php\\PHP_7.4\\pear;d:\\openserver\\modules\\php\\PHP_7.4\\pear\\bin;d:\\openserver\\modules\\php\\PHP_7.4;d:\\openserver\\modules\\wget\\bin;d:\\openserver\\modules\\database\\MySQL-8.0\\bin;d:\\openserver\\modules\\http\\Apache_2.4-PHP_7.2-7.4\\bin;d:\\openserver\\modules\\http\\Apache_2.4-PHP_7.2-7.4;C:\\WINDOWS\\system32;C:\\WINDOWS;C:\\WINDOWS\\system32\\Wbem;C:\\WINDOWS\\SysWOW64;C:\\Program Files (x86)\\Common Files\\Oracle\\Java\\javapath;C:\\WINDOWS\\system32;C:\\WINDOWS;C:\\WINDOWS\\System32\\Wbem;C:\\WINDOWS\\System32\\WindowsPowerShell\\v1.0\\;C:\\WINDOWS\\System32\\OpenSSH\\;D:\\Microchip\\xc8\\v2.31\\bin;C:\\Program Files\\nodejs\\;C:\\Program Files\\PostgreSQL\\13\\bin;C:\\Program Files\\PostgreSQL\\13\\lib;D:\\Git\\cmd;D:\\xampp\\php;C:\\ProgramData\\ComposerSetup\\bin;C:\\Python\\Python39\\Scripts\\;C:\\Python\\Python39\\;C:\\Users\\79019\\AppData\\Local\\Microsoft\\WindowsApps;C:\\Users\\79019\\AppData\\Local\\Programs\\Microsoft VS Code\\bin;C:\\Users\\79019\\AppData\\Roaming\\npm;C:\\Users\\79019\\AppData\\Local\\GitHubDesktop\\bin;C:\\Program Files\\heroku\\bin;C:\\Users\\79019\\AppData\\Local\\ComposerSetup\\bin;C:\\Users\\79019\\AppData\\Roaming\\Composer\\vendor\\bin'
    'SystemRoot' => 'C:\\WINDOWS'
    'COMSPEC' => 'C:\\WINDOWS\\system32\\cmd.exe'
    'PATHEXT' => '.COM;.EXE;.BAT;.CMD;.VBS;.VBE;.JS;.JSE;.WSF;.WSH;.MSC'
    'WINDIR' => 'C:\\WINDOWS'
    'SERVER_SIGNATURE' => ''
    'SERVER_SOFTWARE' => 'Apache'
    'SERVER_NAME' => 'api'
    'SERVER_ADDR' => '127.0.0.1'
    'SERVER_PORT' => '80'
    'REMOTE_ADDR' => '127.0.0.1'
    'DOCUMENT_ROOT' => 'D:/OpenServer/domains/api'
    'REQUEST_SCHEME' => 'http'
    'CONTEXT_PREFIX' => ''
    'CONTEXT_DOCUMENT_ROOT' => 'D:/OpenServer/domains/api'
    'SERVER_ADMIN' => '[no address given]'
    'SCRIPT_FILENAME' => 'D:/OpenServer/domains/api/web/index.php'
    'REMOTE_PORT' => '60880'
    'REDIRECT_URL' => '/estimation'
    'GATEWAY_INTERFACE' => 'CGI/1.1'
    'SERVER_PROTOCOL' => 'HTTP/1.1'
    'REQUEST_METHOD' => 'GET'
    'QUERY_STRING' => ''
    'REQUEST_URI' => '/estimation'
    'SCRIPT_NAME' => '/web/index.php'
    'PHP_SELF' => '/web/index.php'
    'REQUEST_TIME_FLOAT' => 1642606934.4708
    'REQUEST_TIME' => 1642606934
    'argv' => []
    'argc' => 0
]
2022-01-19 19:14:35 [127.0.0.1][100][d0ovbggnkblqbss9n3jrotntqp1gfids][error][yii\web\HttpException:404] yii\base\InvalidRouteException: Unable to resolve the request: decisions/view in D:\OpenServer\domains\api\vendor\yiisoft\yii2\base\Controller.php:149
Stack trace:
#0 D:\OpenServer\domains\api\vendor\yiisoft\yii2\base\Module.php(552): yii\base\Controller->runAction()
#1 D:\OpenServer\domains\api\vendor\yiisoft\yii2\web\Application.php(103): yii\base\Module->runAction()
#2 D:\OpenServer\domains\api\vendor\yiisoft\yii2\base\Application.php(384): yii\web\Application->handleRequest()
#3 D:\OpenServer\domains\api\web\index.php(12): yii\base\Application->run()
#4 {main}

Next yii\web\NotFoundHttpException: Page not found. in D:\OpenServer\domains\api\vendor\yiisoft\yii2\web\Application.php:115
Stack trace:
#0 D:\OpenServer\domains\api\vendor\yiisoft\yii2\base\Application.php(384): yii\web\Application->handleRequest()
#1 D:\OpenServer\domains\api\web\index.php(12): yii\base\Application->run()
#2 {main}
2022-01-19 19:14:35 [127.0.0.1][100][d0ovbggnkblqbss9n3jrotntqp1gfids][info][application] $_GET = [
    'id' => '1'
]

$_POST = []

$_FILES = []

$_COOKIE = [
    'PHPSESSID' => 'd0ovbggnkblqbss9n3jrotntqp1gfids'
    '_csrf' => '9d693d389d8e9a4ced921e4de6a3bf910db724595856887b1fb6c49d6d1c9325a:2:{i:0;s:5:\"_csrf\";i:1;s:32:\"mf8zgCZgFmoxd92clCALJLVOKSfLj0Qr\";}'
]

$_SESSION = [
    '__flash' => []
    '__id' => '100'
    '__authKey' => 'test100key'
]

$_SERVER = [
    'REDIRECT_STATUS' => '200'
    'HTTP_ACCEPT' => 'application/json'
    'HTTP_USER_AGENT' => 'PostmanRuntime/7.28.1'
    'HTTP_POSTMAN_TOKEN' => '8a06873a-3fce-46c0-a653-8aaaa5b4a803'
    'HTTP_HOST' => 'api'
    'HTTP_ACCEPT_ENCODING' => 'gzip, deflate, br'
    'HTTP_CONNECTION' => 'keep-alive'
    'CONTENT_TYPE' => 'multipart/form-data; boundary=--------------------------188894200464448222474882'
    'HTTP_COOKIE' => 'PHPSESSID=d0ovbggnkblqbss9n3jrotntqp1gfids; _csrf=9d693d389d8e9a4ced921e4de6a3bf910db724595856887b1fb6c49d6d1c9325a%3A2%3A%7Bi%3A0%3Bs%3A5%3A%22_csrf%22%3Bi%3A1%3Bs%3A32%3A%22mf8zgCZgFmoxd92clCALJLVOKSfLj0Qr%22%3B%7D'
    'CONTENT_LENGTH' => '274'
    'PATH' => 'd:\\openserver\\modules\\php\\PHP_7.4\\ext;d:\\openserver\\modules\\php\\PHP_7.4\\pear;d:\\openserver\\modules\\php\\PHP_7.4\\pear\\bin;d:\\openserver\\modules\\php\\PHP_7.4;d:\\openserver\\modules\\wget\\bin;d:\\openserver\\modules\\database\\MySQL-8.0\\bin;d:\\openserver\\modules\\http\\Apache_2.4-PHP_7.2-7.4\\bin;d:\\openserver\\modules\\http\\Apache_2.4-PHP_7.2-7.4;C:\\WINDOWS\\system32;C:\\WINDOWS;C:\\WINDOWS\\system32\\Wbem;C:\\WINDOWS\\SysWOW64;C:\\Program Files (x86)\\Common Files\\Oracle\\Java\\javapath;C:\\WINDOWS\\system32;C:\\WINDOWS;C:\\WINDOWS\\System32\\Wbem;C:\\WINDOWS\\System32\\WindowsPowerShell\\v1.0\\;C:\\WINDOWS\\System32\\OpenSSH\\;D:\\Microchip\\xc8\\v2.31\\bin;C:\\Program Files\\nodejs\\;C:\\Program Files\\PostgreSQL\\13\\bin;C:\\Program Files\\PostgreSQL\\13\\lib;D:\\Git\\cmd;D:\\xampp\\php;C:\\ProgramData\\ComposerSetup\\bin;C:\\Python\\Python39\\Scripts\\;C:\\Python\\Python39\\;C:\\Users\\79019\\AppData\\Local\\Microsoft\\WindowsApps;C:\\Users\\79019\\AppData\\Local\\Programs\\Microsoft VS Code\\bin;C:\\Users\\79019\\AppData\\Roaming\\npm;C:\\Users\\79019\\AppData\\Local\\GitHubDesktop\\bin;C:\\Program Files\\heroku\\bin;C:\\Users\\79019\\AppData\\Local\\ComposerSetup\\bin;C:\\Users\\79019\\AppData\\Roaming\\Composer\\vendor\\bin'
    'SystemRoot' => 'C:\\WINDOWS'
    'COMSPEC' => 'C:\\WINDOWS\\system32\\cmd.exe'
    'PATHEXT' => '.COM;.EXE;.BAT;.CMD;.VBS;.VBE;.JS;.JSE;.WSF;.WSH;.MSC'
    'WINDIR' => 'C:\\WINDOWS'
    'SERVER_SIGNATURE' => ''
    'SERVER_SOFTWARE' => 'Apache'
    'SERVER_NAME' => 'api'
    'SERVER_ADDR' => '127.0.0.1'
    'SERVER_PORT' => '80'
    'REMOTE_ADDR' => '127.0.0.1'
    'DOCUMENT_ROOT' => 'D:/OpenServer/domains/api'
    'REQUEST_SCHEME' => 'http'
    'CONTEXT_PREFIX' => ''
    'CONTEXT_DOCUMENT_ROOT' => 'D:/OpenServer/domains/api'
    'SERVER_ADMIN' => '[no address given]'
    'SCRIPT_FILENAME' => 'D:/OpenServer/domains/api/web/index.php'
    'REMOTE_PORT' => '63396'
    'REDIRECT_URL' => '/decisions/1'
    'GATEWAY_INTERFACE' => 'CGI/1.1'
    'SERVER_PROTOCOL' => 'HTTP/1.1'
    'REQUEST_METHOD' => 'GET'
    'QUERY_STRING' => ''
    'REQUEST_URI' => '/decisions/1'
    'SCRIPT_NAME' => '/web/index.php'
    'PHP_SELF' => '/web/index.php'
    'REQUEST_TIME_FLOAT' => 1642608875.3394
    'REQUEST_TIME' => 1642608875
    'argv' => []
    'argc' => 0
]
2022-01-19 19:24:28 [127.0.0.1][100][fd73kd3rauv761tbeitbld3j2buro6n9][error][yii\web\HttpException:405] yii\web\MethodNotAllowedHttpException: Method Not Allowed. This URL can only handle the following request methods: POST. in D:\OpenServer\domains\api\vendor\yiisoft\yii2\filters\VerbFilter.php:108
Stack trace:
#0 [internal function]: yii\filters\VerbFilter->beforeAction()
#1 D:\OpenServer\domains\api\vendor\yiisoft\yii2\base\Component.php(633): call_user_func()
#2 D:\OpenServer\domains\api\vendor\yiisoft\yii2\base\Controller.php(297): yii\base\Component->trigger()
#3 D:\OpenServer\domains\api\vendor\yiisoft\yii2\web\Controller.php(221): yii\base\Controller->beforeAction()
#4 D:\OpenServer\domains\api\vendor\yiisoft\yii2\base\Controller.php(176): yii\web\Controller->beforeAction()
#5 D:\OpenServer\domains\api\vendor\yiisoft\yii2\base\Module.php(552): yii\base\Controller->runAction()
#6 D:\OpenServer\domains\api\vendor\yiisoft\yii2\web\Application.php(103): yii\base\Module->runAction()
#7 D:\OpenServer\domains\api\vendor\yiisoft\yii2\base\Application.php(384): yii\web\Application->handleRequest()
#8 D:\OpenServer\domains\api\web\index.php(12): yii\base\Application->run()
#9 {main}
2022-01-19 19:24:28 [127.0.0.1][100][fd73kd3rauv761tbeitbld3j2buro6n9][info][application] $_GET = []

$_POST = []

$_FILES = []

$_COOKIE = [
    'PHPSESSID' => 'fd73kd3rauv761tbeitbld3j2buro6n9'
    '_csrf' => 'aa53500e4dc64d7109f9c09921a2aa70f7b9eca986f5d27ae3b15f67073b0ca7a:2:{i:0;s:5:\"_csrf\";i:1;s:32:\"y9A-lXutwqi0Zj2O8J3ZctenKdfUHY7D\";}'
]

$_SESSION = [
    '__flash' => []
    '__id' => '100'
    '__authKey' => 'test100key'
]

$_SERVER = [
    'REDIRECT_STATUS' => '200'
    'HTTP_USER_AGENT' => 'PostmanRuntime/7.28.1'
    'HTTP_ACCEPT' => '*/*'
    'HTTP_POSTMAN_TOKEN' => 'a643c23c-a784-426e-ac24-7644b7ca1d63'
    'HTTP_HOST' => 'api'
    'HTTP_ACCEPT_ENCODING' => 'gzip, deflate, br'
    'HTTP_CONNECTION' => 'keep-alive'
    'CONTENT_TYPE' => 'multipart/form-data; boundary=--------------------------113325154941940091174171'
    'HTTP_COOKIE' => 'PHPSESSID=fd73kd3rauv761tbeitbld3j2buro6n9; _csrf=aa53500e4dc64d7109f9c09921a2aa70f7b9eca986f5d27ae3b15f67073b0ca7a%3A2%3A%7Bi%3A0%3Bs%3A5%3A%22_csrf%22%3Bi%3A1%3Bs%3A32%3A%22y9A-lXutwqi0Zj2O8J3ZctenKdfUHY7D%22%3B%7D'
    'CONTENT_LENGTH' => '743'
    'PATH' => 'd:\\openserver\\modules\\php\\PHP_7.4\\ext;d:\\openserver\\modules\\php\\PHP_7.4\\pear;d:\\openserver\\modules\\php\\PHP_7.4\\pear\\bin;d:\\openserver\\modules\\php\\PHP_7.4;d:\\openserver\\modules\\wget\\bin;d:\\openserver\\modules\\database\\MySQL-8.0\\bin;d:\\openserver\\modules\\http\\Apache_2.4-PHP_7.2-7.4\\bin;d:\\openserver\\modules\\http\\Apache_2.4-PHP_7.2-7.4;C:\\WINDOWS\\system32;C:\\WINDOWS;C:\\WINDOWS\\system32\\Wbem;C:\\WINDOWS\\SysWOW64;C:\\Program Files (x86)\\Common Files\\Oracle\\Java\\javapath;C:\\WINDOWS\\system32;C:\\WINDOWS;C:\\WINDOWS\\System32\\Wbem;C:\\WINDOWS\\System32\\WindowsPowerShell\\v1.0\\;C:\\WINDOWS\\System32\\OpenSSH\\;D:\\Microchip\\xc8\\v2.31\\bin;C:\\Program Files\\nodejs\\;C:\\Program Files\\PostgreSQL\\13\\bin;C:\\Program Files\\PostgreSQL\\13\\lib;D:\\Git\\cmd;D:\\xampp\\php;C:\\ProgramData\\ComposerSetup\\bin;C:\\Python\\Python39\\Scripts\\;C:\\Python\\Python39\\;C:\\Users\\79019\\AppData\\Local\\Microsoft\\WindowsApps;C:\\Users\\79019\\AppData\\Local\\Programs\\Microsoft VS Code\\bin;C:\\Users\\79019\\AppData\\Roaming\\npm;C:\\Users\\79019\\AppData\\Local\\GitHubDesktop\\bin;C:\\Program Files\\heroku\\bin;C:\\Users\\79019\\AppData\\Local\\ComposerSetup\\bin;C:\\Users\\79019\\AppData\\Roaming\\Composer\\vendor\\bin'
    'SystemRoot' => 'C:\\WINDOWS'
    'COMSPEC' => 'C:\\WINDOWS\\system32\\cmd.exe'
    'PATHEXT' => '.COM;.EXE;.BAT;.CMD;.VBS;.VBE;.JS;.JSE;.WSF;.WSH;.MSC'
    'WINDIR' => 'C:\\WINDOWS'
    'SERVER_SIGNATURE' => ''
    'SERVER_SOFTWARE' => 'Apache'
    'SERVER_NAME' => 'api'
    'SERVER_ADDR' => '127.0.0.1'
    'SERVER_PORT' => '80'
    'REMOTE_ADDR' => '127.0.0.1'
    'DOCUMENT_ROOT' => 'D:/OpenServer/domains/api'
    'REQUEST_SCHEME' => 'http'
    'CONTEXT_PREFIX' => ''
    'CONTEXT_DOCUMENT_ROOT' => 'D:/OpenServer/domains/api'
    'SERVER_ADMIN' => '[no address given]'
    'SCRIPT_FILENAME' => 'D:/OpenServer/domains/api/web/index.php'
    'REMOTE_PORT' => '64020'
    'REDIRECT_URL' => '/decision/add'
    'GATEWAY_INTERFACE' => 'CGI/1.1'
    'SERVER_PROTOCOL' => 'HTTP/1.1'
    'REQUEST_METHOD' => 'GET'
    'QUERY_STRING' => ''
    'REQUEST_URI' => '/decision/add'
    'SCRIPT_NAME' => '/web/index.php'
    'PHP_SELF' => '/web/index.php'
    'REQUEST_TIME_FLOAT' => 1642609468.2591
    'REQUEST_TIME' => 1642609468
    'argv' => []
    'argc' => 0
]
2022-01-19 19:24:33 [127.0.0.1][100][fd73kd3rauv761tbeitbld3j2buro6n9][error][yii\web\HttpException:401] yii\web\UnauthorizedHttpException: Your request was made with invalid credentials. in D:\OpenServer\domains\api\vendor\yiisoft\yii2\filters\auth\AuthMethod.php:93
Stack trace:
#0 D:\OpenServer\domains\api\vendor\yiisoft\yii2\filters\auth\AuthMethod.php(76): yii\filters\auth\AuthMethod->handleFailure()
#1 D:\OpenServer\domains\api\vendor\yiisoft\yii2\base\ActionFilter.php(77): yii\filters\auth\AuthMethod->beforeAction()
#2 [internal function]: yii\base\ActionFilter->beforeFilter()
#3 D:\OpenServer\domains\api\vendor\yiisoft\yii2\base\Component.php(633): call_user_func()
#4 D:\OpenServer\domains\api\vendor\yiisoft\yii2\base\Controller.php(297): yii\base\Component->trigger()
#5 D:\OpenServer\domains\api\vendor\yiisoft\yii2\web\Controller.php(221): yii\base\Controller->beforeAction()
#6 D:\OpenServer\domains\api\vendor\yiisoft\yii2\base\Controller.php(176): yii\web\Controller->beforeAction()
#7 D:\OpenServer\domains\api\vendor\yiisoft\yii2\base\Module.php(552): yii\base\Controller->runAction()
#8 D:\OpenServer\domains\api\vendor\yiisoft\yii2\web\Application.php(103): yii\base\Module->runAction()
#9 D:\OpenServer\domains\api\vendor\yiisoft\yii2\base\Application.php(384): yii\web\Application->handleRequest()
#10 D:\OpenServer\domains\api\web\index.php(12): yii\base\Application->run()
#11 {main}
2022-01-19 19:24:33 [127.0.0.1][100][fd73kd3rauv761tbeitbld3j2buro6n9][info][application] $_GET = []

$_POST = [
    'type' => 'тест'
    'title' => 'тест'
    'themes' => 'тест'
    'description' => 'тест'
    'efficiency' => 'тест'
    'image_URL' => 'тест'
]

$_FILES = []

$_COOKIE = [
    'PHPSESSID' => 'fd73kd3rauv761tbeitbld3j2buro6n9'
    '_csrf' => 'aa53500e4dc64d7109f9c09921a2aa70f7b9eca986f5d27ae3b15f67073b0ca7a:2:{i:0;s:5:\"_csrf\";i:1;s:32:\"y9A-lXutwqi0Zj2O8J3ZctenKdfUHY7D\";}'
]

$_SESSION = [
    '__flash' => []
    '__id' => '100'
    '__authKey' => 'test100key'
]

$_SERVER = [
    'REDIRECT_STATUS' => '200'
    'HTTP_USER_AGENT' => 'PostmanRuntime/7.28.1'
    'HTTP_ACCEPT' => '*/*'
    'HTTP_POSTMAN_TOKEN' => '429a2f22-e7ca-4780-9935-26e4cefad177'
    'HTTP_HOST' => 'api'
    'HTTP_ACCEPT_ENCODING' => 'gzip, deflate, br'
    'HTTP_CONNECTION' => 'keep-alive'
    'CONTENT_TYPE' => 'multipart/form-data; boundary=--------------------------296827442206417722411744'
    'HTTP_COOKIE' => 'PHPSESSID=fd73kd3rauv761tbeitbld3j2buro6n9; _csrf=aa53500e4dc64d7109f9c09921a2aa70f7b9eca986f5d27ae3b15f67073b0ca7a%3A2%3A%7Bi%3A0%3Bs%3A5%3A%22_csrf%22%3Bi%3A1%3Bs%3A32%3A%22y9A-lXutwqi0Zj2O8J3ZctenKdfUHY7D%22%3B%7D'
    'CONTENT_LENGTH' => '743'
    'PATH' => 'd:\\openserver\\modules\\php\\PHP_7.4\\ext;d:\\openserver\\modules\\php\\PHP_7.4\\pear;d:\\openserver\\modules\\php\\PHP_7.4\\pear\\bin;d:\\openserver\\modules\\php\\PHP_7.4;d:\\openserver\\modules\\wget\\bin;d:\\openserver\\modules\\database\\MySQL-8.0\\bin;d:\\openserver\\modules\\http\\Apache_2.4-PHP_7.2-7.4\\bin;d:\\openserver\\modules\\http\\Apache_2.4-PHP_7.2-7.4;C:\\WINDOWS\\system32;C:\\WINDOWS;C:\\WINDOWS\\system32\\Wbem;C:\\WINDOWS\\SysWOW64;C:\\Program Files (x86)\\Common Files\\Oracle\\Java\\javapath;C:\\WINDOWS\\system32;C:\\WINDOWS;C:\\WINDOWS\\System32\\Wbem;C:\\WINDOWS\\System32\\WindowsPowerShell\\v1.0\\;C:\\WINDOWS\\System32\\OpenSSH\\;D:\\Microchip\\xc8\\v2.31\\bin;C:\\Program Files\\nodejs\\;C:\\Program Files\\PostgreSQL\\13\\bin;C:\\Program Files\\PostgreSQL\\13\\lib;D:\\Git\\cmd;D:\\xampp\\php;C:\\ProgramData\\ComposerSetup\\bin;C:\\Python\\Python39\\Scripts\\;C:\\Python\\Python39\\;C:\\Users\\79019\\AppData\\Local\\Microsoft\\WindowsApps;C:\\Users\\79019\\AppData\\Local\\Programs\\Microsoft VS Code\\bin;C:\\Users\\79019\\AppData\\Roaming\\npm;C:\\Users\\79019\\AppData\\Local\\GitHubDesktop\\bin;C:\\Program Files\\heroku\\bin;C:\\Users\\79019\\AppData\\Local\\ComposerSetup\\bin;C:\\Users\\79019\\AppData\\Roaming\\Composer\\vendor\\bin'
    'SystemRoot' => 'C:\\WINDOWS'
    'COMSPEC' => 'C:\\WINDOWS\\system32\\cmd.exe'
    'PATHEXT' => '.COM;.EXE;.BAT;.CMD;.VBS;.VBE;.JS;.JSE;.WSF;.WSH;.MSC'
    'WINDIR' => 'C:\\WINDOWS'
    'SERVER_SIGNATURE' => ''
    'SERVER_SOFTWARE' => 'Apache'
    'SERVER_NAME' => 'api'
    'SERVER_ADDR' => '127.0.0.1'
    'SERVER_PORT' => '80'
    'REMOTE_ADDR' => '127.0.0.1'
    'DOCUMENT_ROOT' => 'D:/OpenServer/domains/api'
    'REQUEST_SCHEME' => 'http'
    'CONTEXT_PREFIX' => ''
    'CONTEXT_DOCUMENT_ROOT' => 'D:/OpenServer/domains/api'
    'SERVER_ADMIN' => '[no address given]'
    'SCRIPT_FILENAME' => 'D:/OpenServer/domains/api/web/index.php'
    'REMOTE_PORT' => '64020'
    'REDIRECT_URL' => '/decision/add'
    'GATEWAY_INTERFACE' => 'CGI/1.1'
    'SERVER_PROTOCOL' => 'HTTP/1.1'
    'REQUEST_METHOD' => 'POST'
    'QUERY_STRING' => ''
    'REQUEST_URI' => '/decision/add'
    'SCRIPT_NAME' => '/web/index.php'
    'PHP_SELF' => '/web/index.php'
    'REQUEST_TIME_FLOAT' => 1642609473.8261
    'REQUEST_TIME' => 1642609473
    'argv' => []
    'argc' => 0
]
2022-01-19 19:26:48 [127.0.0.1][100][8nobbcsrm7aurchu4dtt7kf1l93t2mnq][error][yii\web\HttpException:401] yii\web\UnauthorizedHttpException: Your request was made with invalid credentials. in D:\OpenServer\domains\api\vendor\yiisoft\yii2\filters\auth\AuthMethod.php:93
Stack trace:
#0 D:\OpenServer\domains\api\vendor\yiisoft\yii2\filters\auth\AuthMethod.php(76): yii\filters\auth\AuthMethod->handleFailure()
#1 D:\OpenServer\domains\api\vendor\yiisoft\yii2\base\ActionFilter.php(77): yii\filters\auth\AuthMethod->beforeAction()
#2 [internal function]: yii\base\ActionFilter->beforeFilter()
#3 D:\OpenServer\domains\api\vendor\yiisoft\yii2\base\Component.php(633): call_user_func()
#4 D:\OpenServer\domains\api\vendor\yiisoft\yii2\base\Controller.php(297): yii\base\Component->trigger()
#5 D:\OpenServer\domains\api\vendor\yiisoft\yii2\web\Controller.php(221): yii\base\Controller->beforeAction()
#6 D:\OpenServer\domains\api\vendor\yiisoft\yii2\base\Controller.php(176): yii\web\Controller->beforeAction()
#7 D:\OpenServer\domains\api\vendor\yiisoft\yii2\base\Module.php(552): yii\base\Controller->runAction()
#8 D:\OpenServer\domains\api\vendor\yiisoft\yii2\web\Application.php(103): yii\base\Module->runAction()
#9 D:\OpenServer\domains\api\vendor\yiisoft\yii2\base\Application.php(384): yii\web\Application->handleRequest()
#10 D:\OpenServer\domains\api\web\index.php(12): yii\base\Application->run()
#11 {main}
2022-01-19 19:26:47 [127.0.0.1][100][8nobbcsrm7aurchu4dtt7kf1l93t2mnq][info][application] $_GET = []

$_POST = []

$_FILES = []

$_COOKIE = [
    'PHPSESSID' => '8nobbcsrm7aurchu4dtt7kf1l93t2mnq'
    '_csrf' => 'd2ec8ceeaf4bcedd79de29943691f3ed55102c8f19218d0a68ece845cc82f9d3a:2:{i:0;s:5:\"_csrf\";i:1;s:32:\"f_sSTCzxrJiBXURFSgNdQdvcPbt1OcoK\";}'
]

$_SESSION = [
    '__flash' => []
    '__id' => '100'
    '__authKey' => 'test100key'
]

$_SERVER = [
    'REDIRECT_STATUS' => '200'
    'HTTP_USER_AGENT' => 'PostmanRuntime/7.28.1'
    'HTTP_ACCEPT' => '*/*'
    'HTTP_POSTMAN_TOKEN' => '6142f6d5-f16e-41ae-993f-489443f8b624'
    'HTTP_HOST' => 'api'
    'HTTP_ACCEPT_ENCODING' => 'gzip, deflate, br'
    'HTTP_CONNECTION' => 'keep-alive'
    'HTTP_COOKIE' => 'PHPSESSID=8nobbcsrm7aurchu4dtt7kf1l93t2mnq; _csrf=d2ec8ceeaf4bcedd79de29943691f3ed55102c8f19218d0a68ece845cc82f9d3a%3A2%3A%7Bi%3A0%3Bs%3A5%3A%22_csrf%22%3Bi%3A1%3Bs%3A32%3A%22f_sSTCzxrJiBXURFSgNdQdvcPbt1OcoK%22%3B%7D'
    'PATH' => 'd:\\openserver\\modules\\php\\PHP_7.4\\ext;d:\\openserver\\modules\\php\\PHP_7.4\\pear;d:\\openserver\\modules\\php\\PHP_7.4\\pear\\bin;d:\\openserver\\modules\\php\\PHP_7.4;d:\\openserver\\modules\\wget\\bin;d:\\openserver\\modules\\database\\MySQL-8.0\\bin;d:\\openserver\\modules\\http\\Apache_2.4-PHP_7.2-7.4\\bin;d:\\openserver\\modules\\http\\Apache_2.4-PHP_7.2-7.4;C:\\WINDOWS\\system32;C:\\WINDOWS;C:\\WINDOWS\\system32\\Wbem;C:\\WINDOWS\\SysWOW64;C:\\Program Files (x86)\\Common Files\\Oracle\\Java\\javapath;C:\\WINDOWS\\system32;C:\\WINDOWS;C:\\WINDOWS\\System32\\Wbem;C:\\WINDOWS\\System32\\WindowsPowerShell\\v1.0\\;C:\\WINDOWS\\System32\\OpenSSH\\;D:\\Microchip\\xc8\\v2.31\\bin;C:\\Program Files\\nodejs\\;C:\\Program Files\\PostgreSQL\\13\\bin;C:\\Program Files\\PostgreSQL\\13\\lib;D:\\Git\\cmd;D:\\xampp\\php;C:\\ProgramData\\ComposerSetup\\bin;C:\\Python\\Python39\\Scripts\\;C:\\Python\\Python39\\;C:\\Users\\79019\\AppData\\Local\\Microsoft\\WindowsApps;C:\\Users\\79019\\AppData\\Local\\Programs\\Microsoft VS Code\\bin;C:\\Users\\79019\\AppData\\Roaming\\npm;C:\\Users\\79019\\AppData\\Local\\GitHubDesktop\\bin;C:\\Program Files\\heroku\\bin;C:\\Users\\79019\\AppData\\Local\\ComposerSetup\\bin;C:\\Users\\79019\\AppData\\Roaming\\Composer\\vendor\\bin'
    'SystemRoot' => 'C:\\WINDOWS'
    'COMSPEC' => 'C:\\WINDOWS\\system32\\cmd.exe'
    'PATHEXT' => '.COM;.EXE;.BAT;.CMD;.VBS;.VBE;.JS;.JSE;.WSF;.WSH;.MSC'
    'WINDIR' => 'C:\\WINDOWS'
    'SERVER_SIGNATURE' => ''
    'SERVER_SOFTWARE' => 'Apache'
    'SERVER_NAME' => 'api'
    'SERVER_ADDR' => '127.0.0.1'
    'SERVER_PORT' => '80'
    'REMOTE_ADDR' => '127.0.0.1'
    'DOCUMENT_ROOT' => 'D:/OpenServer/domains/api'
    'REQUEST_SCHEME' => 'http'
    'CONTEXT_PREFIX' => ''
    'CONTEXT_DOCUMENT_ROOT' => 'D:/OpenServer/domains/api'
    'SERVER_ADMIN' => '[no address given]'
    'SCRIPT_FILENAME' => 'D:/OpenServer/domains/api/web/index.php'
    'REMOTE_PORT' => '64020'
    'REDIRECT_URL' => '/decisions'
    'GATEWAY_INTERFACE' => 'CGI/1.1'
    'SERVER_PROTOCOL' => 'HTTP/1.1'
    'REQUEST_METHOD' => 'GET'
    'QUERY_STRING' => ''
    'REQUEST_URI' => '/decisions'
    'SCRIPT_NAME' => '/web/index.php'
    'PHP_SELF' => '/web/index.php'
    'REQUEST_TIME_FLOAT' => 1642609607.9828
    'REQUEST_TIME' => 1642609607
    'argv' => []
    'argc' => 0
]
2022-01-20 16:08:28 [127.0.0.1][-][er2lfke81fgco4du0sc0iffrbedluv40][error][yii\web\HttpException:404] yii\base\InvalidRouteException: Unable to resolve the request "favicon.ico". in D:\OpenServer\domains\api\vendor\yiisoft\yii2\base\Module.php:561
Stack trace:
#0 D:\OpenServer\domains\api\vendor\yiisoft\yii2\web\Application.php(103): yii\base\Module->runAction()
#1 D:\OpenServer\domains\api\vendor\yiisoft\yii2\base\Application.php(384): yii\web\Application->handleRequest()
#2 D:\OpenServer\domains\api\web\index.php(12): yii\base\Application->run()
#3 {main}

Next yii\web\NotFoundHttpException: Page not found. in D:\OpenServer\domains\api\vendor\yiisoft\yii2\web\Application.php:115
Stack trace:
#0 D:\OpenServer\domains\api\vendor\yiisoft\yii2\base\Application.php(384): yii\web\Application->handleRequest()
#1 D:\OpenServer\domains\api\web\index.php(12): yii\base\Application->run()
#2 {main}
2022-01-20 16:08:27 [127.0.0.1][-][er2lfke81fgco4du0sc0iffrbedluv40][info][application] $_GET = []

$_POST = []

$_FILES = []

$_COOKIE = [
    'PHPSESSID' => 'er2lfke81fgco4du0sc0iffrbedluv40'
    '_csrf' => '19ec386a5d1902713fc55e5f6e8eeb0f6ddbcc957e2ce84bdb1d555d4078e447a:2:{i:0;s:5:\"_csrf\";i:1;s:32:\"PQYk0L60PiKH1UPm5yh00w5ykaHkTs70\";}'
]

$_SESSION = [
    '__flash' => []
]

$_SERVER = [
    'REDIRECT_STATUS' => '200'
    'HTTP_HOST' => 'api'
    'HTTP_CONNECTION' => 'keep-alive'
    'HTTP_USER_AGENT' => 'Mozilla/5.0 (Windows NT 10.0; Win64; x64) AppleWebKit/537.36 (KHTML, like Gecko) Chrome/96.0.4664.110 Safari/537.36 OPR/82.0.4227.58'
    'HTTP_ACCEPT' => 'image/avif,image/webp,image/apng,image/svg+xml,image/*,*/*;q=0.8'
    'HTTP_REFERER' => 'http://api/'
    'HTTP_ACCEPT_ENCODING' => 'gzip, deflate'
    'HTTP_ACCEPT_LANGUAGE' => 'ru-RU,ru;q=0.9,en-US;q=0.8,en;q=0.7'
    'HTTP_COOKIE' => 'PHPSESSID=er2lfke81fgco4du0sc0iffrbedluv40; _csrf=19ec386a5d1902713fc55e5f6e8eeb0f6ddbcc957e2ce84bdb1d555d4078e447a%3A2%3A%7Bi%3A0%3Bs%3A5%3A%22_csrf%22%3Bi%3A1%3Bs%3A32%3A%22PQYk0L60PiKH1UPm5yh00w5ykaHkTs70%22%3B%7D'
    'PATH' => 'd:\\openserver\\modules\\php\\PHP_7.4\\ext;d:\\openserver\\modules\\php\\PHP_7.4\\pear;d:\\openserver\\modules\\php\\PHP_7.4\\pear\\bin;d:\\openserver\\modules\\php\\PHP_7.4;d:\\openserver\\modules\\wget\\bin;d:\\openserver\\modules\\database\\MySQL-8.0\\bin;d:\\openserver\\modules\\http\\Apache_2.4-PHP_7.2-7.4\\bin;d:\\openserver\\modules\\http\\Apache_2.4-PHP_7.2-7.4;C:\\WINDOWS\\system32;C:\\WINDOWS;C:\\WINDOWS\\system32\\Wbem;C:\\WINDOWS\\SysWOW64;C:\\Program Files (x86)\\Common Files\\Oracle\\Java\\javapath;C:\\WINDOWS\\system32;C:\\WINDOWS;C:\\WINDOWS\\System32\\Wbem;C:\\WINDOWS\\System32\\WindowsPowerShell\\v1.0\\;C:\\WINDOWS\\System32\\OpenSSH\\;D:\\Microchip\\xc8\\v2.31\\bin;C:\\Program Files\\nodejs\\;C:\\Program Files\\PostgreSQL\\13\\bin;C:\\Program Files\\PostgreSQL\\13\\lib;D:\\Git\\cmd;D:\\xampp\\php;C:\\ProgramData\\ComposerSetup\\bin;C:\\Python\\Python39\\Scripts\\;C:\\Python\\Python39\\;C:\\Users\\79019\\AppData\\Local\\Microsoft\\WindowsApps;C:\\Users\\79019\\AppData\\Local\\Programs\\Microsoft VS Code\\bin;C:\\Users\\79019\\AppData\\Roaming\\npm;C:\\Users\\79019\\AppData\\Local\\GitHubDesktop\\bin;C:\\Program Files\\heroku\\bin;C:\\Users\\79019\\AppData\\Local\\ComposerSetup\\bin;C:\\Users\\79019\\AppData\\Roaming\\Composer\\vendor\\bin'
    'SystemRoot' => 'C:\\WINDOWS'
    'COMSPEC' => 'C:\\WINDOWS\\system32\\cmd.exe'
    'PATHEXT' => '.COM;.EXE;.BAT;.CMD;.VBS;.VBE;.JS;.JSE;.WSF;.WSH;.MSC'
    'WINDIR' => 'C:\\WINDOWS'
    'SERVER_SIGNATURE' => ''
    'SERVER_SOFTWARE' => 'Apache'
    'SERVER_NAME' => 'api'
    'SERVER_ADDR' => '127.0.0.1'
    'SERVER_PORT' => '80'
    'REMOTE_ADDR' => '127.0.0.1'
    'DOCUMENT_ROOT' => 'D:/OpenServer/domains/api'
    'REQUEST_SCHEME' => 'http'
    'CONTEXT_PREFIX' => ''
    'CONTEXT_DOCUMENT_ROOT' => 'D:/OpenServer/domains/api'
    'SERVER_ADMIN' => '[no address given]'
    'SCRIPT_FILENAME' => 'D:/OpenServer/domains/api/web/index.php'
    'REMOTE_PORT' => '64533'
    'REDIRECT_URL' => '/favicon.ico'
    'GATEWAY_INTERFACE' => 'CGI/1.1'
    'SERVER_PROTOCOL' => 'HTTP/1.1'
    'REQUEST_METHOD' => 'GET'
    'QUERY_STRING' => ''
    'REQUEST_URI' => '/favicon.ico'
    'SCRIPT_NAME' => '/web/index.php'
    'PHP_SELF' => '/web/index.php'
    'REQUEST_TIME_FLOAT' => 1642684107.9337
    'REQUEST_TIME' => 1642684107
    'argv' => []
    'argc' => 0
]
2022-01-20 16:08:43 [127.0.0.1][-][er2lfke81fgco4du0sc0iffrbedluv40][error][yii\web\HttpException:401] yii\web\UnauthorizedHttpException: Your request was made with invalid credentials. in D:\OpenServer\domains\api\vendor\yiisoft\yii2\filters\auth\AuthMethod.php:93
Stack trace:
#0 D:\OpenServer\domains\api\vendor\yiisoft\yii2\filters\auth\AuthMethod.php(76): yii\filters\auth\AuthMethod->handleFailure()
#1 D:\OpenServer\domains\api\vendor\yiisoft\yii2\base\ActionFilter.php(77): yii\filters\auth\AuthMethod->beforeAction()
#2 [internal function]: yii\base\ActionFilter->beforeFilter()
#3 D:\OpenServer\domains\api\vendor\yiisoft\yii2\base\Component.php(633): call_user_func()
#4 D:\OpenServer\domains\api\vendor\yiisoft\yii2\base\Controller.php(297): yii\base\Component->trigger()
#5 D:\OpenServer\domains\api\vendor\yiisoft\yii2\web\Controller.php(221): yii\base\Controller->beforeAction()
#6 D:\OpenServer\domains\api\vendor\yiisoft\yii2\base\Controller.php(176): yii\web\Controller->beforeAction()
#7 D:\OpenServer\domains\api\vendor\yiisoft\yii2\base\Module.php(552): yii\base\Controller->runAction()
#8 D:\OpenServer\domains\api\vendor\yiisoft\yii2\web\Application.php(103): yii\base\Module->runAction()
#9 D:\OpenServer\domains\api\vendor\yiisoft\yii2\base\Application.php(384): yii\web\Application->handleRequest()
#10 D:\OpenServer\domains\api\web\index.php(12): yii\base\Application->run()
#11 {main}
2022-01-20 16:08:43 [127.0.0.1][-][er2lfke81fgco4du0sc0iffrbedluv40][info][application] $_GET = []

$_POST = []

$_FILES = []

$_COOKIE = [
    'PHPSESSID' => 'er2lfke81fgco4du0sc0iffrbedluv40'
    '_csrf' => '19ec386a5d1902713fc55e5f6e8eeb0f6ddbcc957e2ce84bdb1d555d4078e447a:2:{i:0;s:5:\"_csrf\";i:1;s:32:\"PQYk0L60PiKH1UPm5yh00w5ykaHkTs70\";}'
]

$_SESSION = [
    '__flash' => []
]

$_SERVER = [
    'REDIRECT_STATUS' => '200'
    'HTTP_HOST' => 'api'
    'HTTP_CONNECTION' => 'keep-alive'
    'HTTP_UPGRADE_INSECURE_REQUESTS' => '1'
    'HTTP_USER_AGENT' => 'Mozilla/5.0 (Windows NT 10.0; Win64; x64) AppleWebKit/537.36 (KHTML, like Gecko) Chrome/96.0.4664.110 Safari/537.36 OPR/82.0.4227.58'
    'HTTP_ACCEPT' => 'text/html,application/xhtml+xml,application/xml;q=0.9,image/avif,image/webp,image/apng,*/*;q=0.8,application/signed-exchange;v=b3;q=0.9'
    'HTTP_ACCEPT_ENCODING' => 'gzip, deflate'
    'HTTP_ACCEPT_LANGUAGE' => 'ru-RU,ru;q=0.9,en-US;q=0.8,en;q=0.7'
    'HTTP_COOKIE' => 'PHPSESSID=er2lfke81fgco4du0sc0iffrbedluv40; _csrf=19ec386a5d1902713fc55e5f6e8eeb0f6ddbcc957e2ce84bdb1d555d4078e447a%3A2%3A%7Bi%3A0%3Bs%3A5%3A%22_csrf%22%3Bi%3A1%3Bs%3A32%3A%22PQYk0L60PiKH1UPm5yh00w5ykaHkTs70%22%3B%7D'
    'PATH' => 'd:\\openserver\\modules\\php\\PHP_7.4\\ext;d:\\openserver\\modules\\php\\PHP_7.4\\pear;d:\\openserver\\modules\\php\\PHP_7.4\\pear\\bin;d:\\openserver\\modules\\php\\PHP_7.4;d:\\openserver\\modules\\wget\\bin;d:\\openserver\\modules\\database\\MySQL-8.0\\bin;d:\\openserver\\modules\\http\\Apache_2.4-PHP_7.2-7.4\\bin;d:\\openserver\\modules\\http\\Apache_2.4-PHP_7.2-7.4;C:\\WINDOWS\\system32;C:\\WINDOWS;C:\\WINDOWS\\system32\\Wbem;C:\\WINDOWS\\SysWOW64;C:\\Program Files (x86)\\Common Files\\Oracle\\Java\\javapath;C:\\WINDOWS\\system32;C:\\WINDOWS;C:\\WINDOWS\\System32\\Wbem;C:\\WINDOWS\\System32\\WindowsPowerShell\\v1.0\\;C:\\WINDOWS\\System32\\OpenSSH\\;D:\\Microchip\\xc8\\v2.31\\bin;C:\\Program Files\\nodejs\\;C:\\Program Files\\PostgreSQL\\13\\bin;C:\\Program Files\\PostgreSQL\\13\\lib;D:\\Git\\cmd;D:\\xampp\\php;C:\\ProgramData\\ComposerSetup\\bin;C:\\Python\\Python39\\Scripts\\;C:\\Python\\Python39\\;C:\\Users\\79019\\AppData\\Local\\Microsoft\\WindowsApps;C:\\Users\\79019\\AppData\\Local\\Programs\\Microsoft VS Code\\bin;C:\\Users\\79019\\AppData\\Roaming\\npm;C:\\Users\\79019\\AppData\\Local\\GitHubDesktop\\bin;C:\\Program Files\\heroku\\bin;C:\\Users\\79019\\AppData\\Local\\ComposerSetup\\bin;C:\\Users\\79019\\AppData\\Roaming\\Composer\\vendor\\bin'
    'SystemRoot' => 'C:\\WINDOWS'
    'COMSPEC' => 'C:\\WINDOWS\\system32\\cmd.exe'
    'PATHEXT' => '.COM;.EXE;.BAT;.CMD;.VBS;.VBE;.JS;.JSE;.WSF;.WSH;.MSC'
    'WINDIR' => 'C:\\WINDOWS'
    'SERVER_SIGNATURE' => ''
    'SERVER_SOFTWARE' => 'Apache'
    'SERVER_NAME' => 'api'
    'SERVER_ADDR' => '127.0.0.1'
    'SERVER_PORT' => '80'
    'REMOTE_ADDR' => '127.0.0.1'
    'DOCUMENT_ROOT' => 'D:/OpenServer/domains/api'
    'REQUEST_SCHEME' => 'http'
    'CONTEXT_PREFIX' => ''
    'CONTEXT_DOCUMENT_ROOT' => 'D:/OpenServer/domains/api'
    'SERVER_ADMIN' => '[no address given]'
    'SCRIPT_FILENAME' => 'D:/OpenServer/domains/api/web/index.php'
    'REMOTE_PORT' => '64543'
    'REDIRECT_URL' => '/experts'
    'GATEWAY_INTERFACE' => 'CGI/1.1'
    'SERVER_PROTOCOL' => 'HTTP/1.1'
    'REQUEST_METHOD' => 'GET'
    'QUERY_STRING' => ''
    'REQUEST_URI' => '/experts'
    'SCRIPT_NAME' => '/web/index.php'
    'PHP_SELF' => '/web/index.php'
    'REQUEST_TIME_FLOAT' => 1642684123.0669
    'REQUEST_TIME' => 1642684123
    'argv' => []
    'argc' => 0
]
2022-01-20 16:09:10 [127.0.0.1][-][-][error][yii\web\HttpException:401] yii\web\UnauthorizedHttpException: Your request was made with invalid credentials. in D:\OpenServer\domains\api\vendor\yiisoft\yii2\filters\auth\AuthMethod.php:93
Stack trace:
#0 D:\OpenServer\domains\api\vendor\yiisoft\yii2\filters\auth\AuthMethod.php(76): yii\filters\auth\AuthMethod->handleFailure()
#1 D:\OpenServer\domains\api\vendor\yiisoft\yii2\base\ActionFilter.php(77): yii\filters\auth\AuthMethod->beforeAction()
#2 [internal function]: yii\base\ActionFilter->beforeFilter()
#3 D:\OpenServer\domains\api\vendor\yiisoft\yii2\base\Component.php(633): call_user_func()
#4 D:\OpenServer\domains\api\vendor\yiisoft\yii2\base\Controller.php(297): yii\base\Component->trigger()
#5 D:\OpenServer\domains\api\vendor\yiisoft\yii2\web\Controller.php(221): yii\base\Controller->beforeAction()
#6 D:\OpenServer\domains\api\vendor\yiisoft\yii2\base\Controller.php(176): yii\web\Controller->beforeAction()
#7 D:\OpenServer\domains\api\vendor\yiisoft\yii2\base\Module.php(552): yii\base\Controller->runAction()
#8 D:\OpenServer\domains\api\vendor\yiisoft\yii2\web\Application.php(103): yii\base\Module->runAction()
#9 D:\OpenServer\domains\api\vendor\yiisoft\yii2\base\Application.php(384): yii\web\Application->handleRequest()
#10 D:\OpenServer\domains\api\web\index.php(12): yii\base\Application->run()
#11 {main}
2022-01-20 16:09:10 [127.0.0.1][-][-][info][application] $_GET = []

$_POST = []

$_FILES = []

$_COOKIE = []

$_SERVER = [
    'REDIRECT_STATUS' => '200'
    'HTTP_USER_AGENT' => 'PostmanRuntime/7.28.1'
    'HTTP_ACCEPT' => '*/*'
    'HTTP_POSTMAN_TOKEN' => '3f9a60d7-8f17-451f-9c0b-724302586be8'
    'HTTP_HOST' => 'api'
    'HTTP_ACCEPT_ENCODING' => 'gzip, deflate, br'
    'HTTP_CONNECTION' => 'keep-alive'
    'PATH' => 'd:\\openserver\\modules\\php\\PHP_7.4\\ext;d:\\openserver\\modules\\php\\PHP_7.4\\pear;d:\\openserver\\modules\\php\\PHP_7.4\\pear\\bin;d:\\openserver\\modules\\php\\PHP_7.4;d:\\openserver\\modules\\wget\\bin;d:\\openserver\\modules\\database\\MySQL-8.0\\bin;d:\\openserver\\modules\\http\\Apache_2.4-PHP_7.2-7.4\\bin;d:\\openserver\\modules\\http\\Apache_2.4-PHP_7.2-7.4;C:\\WINDOWS\\system32;C:\\WINDOWS;C:\\WINDOWS\\system32\\Wbem;C:\\WINDOWS\\SysWOW64;C:\\Program Files (x86)\\Common Files\\Oracle\\Java\\javapath;C:\\WINDOWS\\system32;C:\\WINDOWS;C:\\WINDOWS\\System32\\Wbem;C:\\WINDOWS\\System32\\WindowsPowerShell\\v1.0\\;C:\\WINDOWS\\System32\\OpenSSH\\;D:\\Microchip\\xc8\\v2.31\\bin;C:\\Program Files\\nodejs\\;C:\\Program Files\\PostgreSQL\\13\\bin;C:\\Program Files\\PostgreSQL\\13\\lib;D:\\Git\\cmd;D:\\xampp\\php;C:\\ProgramData\\ComposerSetup\\bin;C:\\Python\\Python39\\Scripts\\;C:\\Python\\Python39\\;C:\\Users\\79019\\AppData\\Local\\Microsoft\\WindowsApps;C:\\Users\\79019\\AppData\\Local\\Programs\\Microsoft VS Code\\bin;C:\\Users\\79019\\AppData\\Roaming\\npm;C:\\Users\\79019\\AppData\\Local\\GitHubDesktop\\bin;C:\\Program Files\\heroku\\bin;C:\\Users\\79019\\AppData\\Local\\ComposerSetup\\bin;C:\\Users\\79019\\AppData\\Roaming\\Composer\\vendor\\bin'
    'SystemRoot' => 'C:\\WINDOWS'
    'COMSPEC' => 'C:\\WINDOWS\\system32\\cmd.exe'
    'PATHEXT' => '.COM;.EXE;.BAT;.CMD;.VBS;.VBE;.JS;.JSE;.WSF;.WSH;.MSC'
    'WINDIR' => 'C:\\WINDOWS'
    'SERVER_SIGNATURE' => ''
    'SERVER_SOFTWARE' => 'Apache'
    'SERVER_NAME' => 'api'
    'SERVER_ADDR' => '127.0.0.1'
    'SERVER_PORT' => '80'
    'REMOTE_ADDR' => '127.0.0.1'
    'DOCUMENT_ROOT' => 'D:/OpenServer/domains/api'
    'REQUEST_SCHEME' => 'http'
    'CONTEXT_PREFIX' => ''
    'CONTEXT_DOCUMENT_ROOT' => 'D:/OpenServer/domains/api'
    'SERVER_ADMIN' => '[no address given]'
    'SCRIPT_FILENAME' => 'D:/OpenServer/domains/api/web/index.php'
    'REMOTE_PORT' => '64564'
    'REDIRECT_URL' => '/decisions'
    'GATEWAY_INTERFACE' => 'CGI/1.1'
    'SERVER_PROTOCOL' => 'HTTP/1.1'
    'REQUEST_METHOD' => 'GET'
    'QUERY_STRING' => ''
    'REQUEST_URI' => '/decisions'
    'SCRIPT_NAME' => '/web/index.php'
    'PHP_SELF' => '/web/index.php'
    'REQUEST_TIME_FLOAT' => 1642684150.1111
    'REQUEST_TIME' => 1642684150
    'argv' => []
    'argc' => 0
]
